Log file open, 10/27/16 20:36:27
LogInit:Display: Running engine for game: ClassProject
LogPlatformFile: Not using cached read wrapper
LogInit:Display: RandInit(1685113941) SRandInit(1685113941).
LogTaskGraph: Started task graph with 5 named threads and 10 total threads with 1 sets of task threads.
LogStats: Stats thread started at 0.083896
LogPluginManager: Loaded Plugin Paper2D, From F:/Epic Games/4.13/Engine/Plugins/2D/Paper2D/Paper2D.uplugin
LogPluginManager: Loaded Plugin LightPropagationVolume, From F:/Epic Games/4.13/Engine/Plugins/Blendables/LightPropagationVolume/LightPropagationVolume.uplugin
LogPluginManager: Loaded Plugin BlankPlugin, From F:/Epic Games/4.13/Engine/Plugins/Developer/BlankPlugin/BlankPlugin.uplugin
LogPluginManager: Loaded Plugin CodeLiteSourceCodeAccess, From F:/Epic Games/4.13/Engine/Plugins/Developer/CodeLiteSourceCodeAccess/CodeLiteSourceCodeAccess.uplugin
LogPluginManager: Loaded Plugin GitSourceControl, From F:/Epic Games/4.13/Engine/Plugins/Developer/GitSourceControl/GitSourceControl.uplugin
LogPluginManager: Loaded Plugin KDevelopSourceCodeAccess, From F:/Epic Games/4.13/Engine/Plugins/Developer/KDevelopSourceCodeAccess/KDevelopSourceCodeAccess.uplugin
LogPluginManager: Loaded Plugin NullSourceCodeAccess, From F:/Epic Games/4.13/Engine/Plugins/Developer/NullSourceCodeAccess/NullSourceCodeAccess.uplugin
LogPluginManager: Loaded Plugin OneSkyLocalizationService, From F:/Epic Games/4.13/Engine/Plugins/Developer/OneSkyLocalizationService/OneSkyLocalizationService.uplugin
LogPluginManager: Loaded Plugin PerforceSourceControl, From F:/Epic Games/4.13/Engine/Plugins/Developer/PerforceSourceControl/PerforceSourceControl.uplugin
LogPluginManager: Loaded Plugin SubversionSourceControl, From F:/Epic Games/4.13/Engine/Plugins/Developer/SubversionSourceControl/SubversionSourceControl.uplugin
LogPluginManager: Loaded Plugin UObjectPlugin, From F:/Epic Games/4.13/Engine/Plugins/Developer/UObjectPlugin/UObjectPlugin.uplugin
LogPluginManager: Loaded Plugin VisualStudioSourceCodeAccess, From F:/Epic Games/4.13/Engine/Plugins/Developer/VisualStudioSourceCodeAccess/VisualStudioSourceCodeAccess.uplugin
LogPluginManager: Loaded Plugin XCodeSourceCodeAccess, From F:/Epic Games/4.13/Engine/Plugins/Developer/XCodeSourceCodeAccess/XCodeSourceCodeAccess.uplugin
LogPluginManager: Loaded Plugin EpicSurvey, From F:/Epic Games/4.13/Engine/Plugins/Editor/EpicSurvey/EpicSurvey.uplugin
LogPluginManager: Loaded Plugin MacGraphicsSwitching, From F:/Epic Games/4.13/Engine/Plugins/Editor/MacGraphicsSwitching/MacGraphicsSwitching.uplugin
LogPluginManager: Loaded Plugin MobileLauncherProfileWizard, From F:/Epic Games/4.13/Engine/Plugins/Editor/MobileLauncherProfileWizard/MobileLauncherProfileWizard.uplugin
LogPluginManager: Loaded Plugin PluginBrowser, From F:/Epic Games/4.13/Engine/Plugins/Editor/PluginBrowser/PluginBrowser.uplugin
LogPluginManager: Loaded Plugin SpeedTreeImporter, From F:/Epic Games/4.13/Engine/Plugins/Editor/SpeedTreeImporter/SpeedTreeImporter.uplugin
LogPluginManager: Loaded Plugin SuperSearchEditor, From F:/Epic Games/4.13/Engine/Plugins/Editor/SuperSearchEditor/SuperSearchEditor.uplugin
LogPluginManager: Loaded Plugin AlembicImporter, From F:/Epic Games/4.13/Engine/Plugins/Experimental/AlembicImporter/AlembicImporter.uplugin
LogPluginManager: Loaded Plugin BlueprintStats, From F:/Epic Games/4.13/Engine/Plugins/Experimental/BlueprintStats/BlueprintStats.uplugin
LogPluginManager: Loaded Plugin CharacterAI, From F:/Epic Games/4.13/Engine/Plugins/Experimental/CharacterAI/CharacterAI.uplugin
LogPluginManager: Loaded Plugin CodeEditor, From F:/Epic Games/4.13/Engine/Plugins/Experimental/CodeEditor/CodeEditor.uplugin
LogPluginManager: Loaded Plugin CodeView, From F:/Epic Games/4.13/Engine/Plugins/Experimental/CodeView/CodeView.uplugin
LogPluginManager: Loaded Plugin HTML5Networking, From F:/Epic Games/4.13/Engine/Plugins/Experimental/HTML5Networking/HTML5Networking.uplugin
LogPluginManager: Loaded Plugin LiveEditor, From F:/Epic Games/4.13/Engine/Plugins/Experimental/LiveEditor/LiveEditor.uplugin
LogPluginManager: Loaded Plugin OSVR, From F:/Epic Games/4.13/Engine/Plugins/Experimental/OSVR/OSVR.uplugin
LogPluginManager: Loaded Plugin Phya, From F:/Epic Games/4.13/Engine/Plugins/Experimental/Phya/Phya.uplugin
LogPluginManager: Loaded Plugin SignificanceManager, From F:/Epic Games/4.13/Engine/Plugins/Experimental/SignificanceManager/SignificanceManager.uplugin
LogPluginManager: Loaded Plugin SimpleHMD, From F:/Epic Games/4.13/Engine/Plugins/Experimental/SimpleHMD/SimpleHMD.uplugin
LogPluginManager: Loaded Plugin StereoPanorama, From F:/Epic Games/4.13/Engine/Plugins/Experimental/StereoPanorama/StereoPanorama.uplugin
LogPluginManager: Loaded Plugin StructBox, From F:/Epic Games/4.13/Engine/Plugins/Experimental/StructBox/StructBox.uplugin
LogPluginManager: Loaded Plugin AndroidMedia, From F:/Epic Games/4.13/Engine/Plugins/Media/AndroidMedia/AndroidMedia.uplugin
LogPluginManager: Loaded Plugin AvfMedia, From F:/Epic Games/4.13/Engine/Plugins/Media/AvfMedia/AvfMedia.uplugin
LogPluginManager: Loaded Plugin MediaPlayerEditor, From F:/Epic Games/4.13/Engine/Plugins/Media/MediaPlayerEditor/MediaPlayerEditor.uplugin
LogPluginManager: Loaded Plugin WmfMedia, From F:/Epic Games/4.13/Engine/Plugins/Media/WmfMedia/WmfMedia.uplugin
LogPluginManager: Loaded Plugin MessagingDebugger, From F:/Epic Games/4.13/Engine/Plugins/Messaging/MessagingDebugger/MessagingDebugger.uplugin
LogPluginManager: Loaded Plugin TcpMessaging, From F:/Epic Games/4.13/Engine/Plugins/Messaging/TcpMessaging/TcpMessaging.uplugin
LogPluginManager: Loaded Plugin UdpMessaging, From F:/Epic Games/4.13/Engine/Plugins/Messaging/UdpMessaging/UdpMessaging.uplugin
LogPluginManager: Loaded Plugin LevelSequenceEditor, From F:/Epic Games/4.13/Engine/Plugins/MovieScene/LevelSequenceEditor/LevelSequenceEditor.uplugin
LogPluginManager: Loaded Plugin MatineeToLevelSequence, From F:/Epic Games/4.13/Engine/Plugins/MovieScene/MatineeToLevelSequence/MatineeToLevelSequence.uplugin
LogPluginManager: Loaded Plugin NetcodeUnitTest, From F:/Epic Games/4.13/Engine/Plugins/NetcodeUnitTest/NetcodeUnitTest/NetcodeUnitTest.uplugin
LogPluginManager: Loaded Plugin NUTUnrealEngine4, From F:/Epic Games/4.13/Engine/Plugins/NetcodeUnitTest/NUTUnrealEngine4/NUTUnrealEngine4.uplugin
LogPluginManager: Loaded Plugin OnlineSubsystemGooglePlay, From F:/Epic Games/4.13/Engine/Plugins/Online/Android/OnlineSubsystemGooglePlay/OnlineSubsystemGooglePlay.uplugin
LogPluginManager: Loaded Plugin OnlineSubsystemIOS, From F:/Epic Games/4.13/Engine/Plugins/Online/IOS/OnlineSubsystemIOS/OnlineSubsystemIOS.uplugin
LogPluginManager: Loaded Plugin OnlineFramework, From F:/Epic Games/4.13/Engine/Plugins/Online/OnlineFramework/OnlineFramework.uplugin
LogPluginManager: Loaded Plugin OnlineSubsystem, From F:/Epic Games/4.13/Engine/Plugins/Online/OnlineSubsystem/OnlineSubsystem.uplugin
LogPluginManager: Loaded Plugin OnlineSubsystemAmazon, From F:/Epic Games/4.13/Engine/Plugins/Online/OnlineSubsystemAmazon/OnlineSubsystemAmazon.uplugin
LogPluginManager: Loaded Plugin OnlineSubsystemFacebook, From F:/Epic Games/4.13/Engine/Plugins/Online/OnlineSubsystemFacebook/OnlineSubsystemFacebook.uplugin
LogPluginManager: Loaded Plugin OnlineSubsystemNull, From F:/Epic Games/4.13/Engine/Plugins/Online/OnlineSubsystemNull/OnlineSubsystemNull.uplugin
LogPluginManager: Loaded Plugin OnlineSubsystemOculus, From F:/Epic Games/4.13/Engine/Plugins/Online/OnlineSubsystemOculus/OnlineSubsystemOculus.uplugin
LogPluginManager: Loaded Plugin OnlineSubsystemSteam, From F:/Epic Games/4.13/Engine/Plugins/Online/OnlineSubsystemSteam/OnlineSubsystemSteam.uplugin
LogPluginManager: Loaded Plugin OnlineSubsystemUtils, From F:/Epic Games/4.13/Engine/Plugins/Online/OnlineSubsystemUtils/OnlineSubsystemUtils.uplugin
LogPluginManager: Loaded Plugin IOSTapJoy, From F:/Epic Games/4.13/Engine/Plugins/Runtime/Advertising/IOSTapJoy/IOSTapJoy.uplugin
LogPluginManager: Loaded Plugin AnalyticsBlueprintLibrary, From F:/Epic Games/4.13/Engine/Plugins/Runtime/Analytics/AnalyticsBlueprintLibrary/AnalyticsBlueprintLibrary.uplugin
LogPluginManager: Loaded Plugin AnalyticsMulticast, From F:/Epic Games/4.13/Engine/Plugins/Runtime/Analytics/AnalyticsMulticast/AnalyticsMulticast.uplugin
LogPluginManager: Loaded Plugin Apsalar, From F:/Epic Games/4.13/Engine/Plugins/Runtime/Analytics/Apsalar/Apsalar.uplugin
LogPluginManager: Loaded Plugin FileLogging, From F:/Epic Games/4.13/Engine/Plugins/Runtime/Analytics/FileLogging/FileLogging.uplugin
LogPluginManager: Loaded Plugin Flurry, From F:/Epic Games/4.13/Engine/Plugins/Runtime/Analytics/Flurry/Flurry.uplugin
LogPluginManager: Loaded Plugin AndroidDeviceProfileSelector, From F:/Epic Games/4.13/Engine/Plugins/Runtime/AndroidDeviceProfileSelector/AndroidDeviceProfileSelector.uplugin
LogPluginManager: Loaded Plugin AndroidMoviePlayer, From F:/Epic Games/4.13/Engine/Plugins/Runtime/AndroidMoviePlayer/AndroidMoviePlayer.uplugin
LogPluginManager: Loaded Plugin AppleMoviePlayer, From F:/Epic Games/4.13/Engine/Plugins/Runtime/AppleMoviePlayer/AppleMoviePlayer.uplugin
LogPluginManager: Loaded Plugin ArchVisCharacter, From F:/Epic Games/4.13/Engine/Plugins/Runtime/ArchVisCharacter/ArchVisCharacter.uplugin
LogPluginManager: Loaded Plugin CableComponent, From F:/Epic Games/4.13/Engine/Plugins/Runtime/CableComponent/CableComponent.uplugin
LogPluginManager: Loaded Plugin CustomMeshComponent, From F:/Epic Games/4.13/Engine/Plugins/Runtime/CustomMeshComponent/CustomMeshComponent.uplugin
LogPluginManager: Loaded Plugin ExampleDeviceProfileSelector, From F:/Epic Games/4.13/Engine/Plugins/Runtime/ExampleDeviceProfileSelector/ExampleDeviceProfileSelector.uplugin
LogPluginManager: Loaded Plugin GearVR, From F:/Epic Games/4.13/Engine/Plugins/Runtime/GearVR/GearVR.uplugin
LogPluginManager: Loaded Plugin GoogleVRController, From F:/Epic Games/4.13/Engine/Plugins/Runtime/GoogleVR/GoogleVRController/GoogleVRController.uplugin
LogPluginManager: Loaded Plugin GoogleVRHMD, From F:/Epic Games/4.13/Engine/Plugins/Runtime/GoogleVR/GoogleVRHMD/GoogleVRHMD.uplugin
LogPluginManager: Loaded Plugin IOSDeviceProfileSelector, From F:/Epic Games/4.13/Engine/Plugins/Runtime/IOSDeviceProfileSelector/IOSDeviceProfileSelector.uplugin
LogPluginManager: Loaded Plugin LeapMotion, From F:/Epic Games/4.13/Engine/Plugins/Runtime/LeapMotion/LeapMotion.uplugin
LogPluginManager: Loaded Plugin LinuxDeviceProfileSelector, From F:/Epic Games/4.13/Engine/Plugins/Runtime/LinuxDeviceProfileSelector/LinuxDeviceProfileSelector.uplugin
LogPluginManager: Loaded Plugin LiveEditorListenServer, From F:/Epic Games/4.13/Engine/Plugins/Runtime/LiveEditorListenServer/LiveEditorListenServer.uplugin
LogPluginManager: Loaded Plugin OculusAudio, From F:/Epic Games/4.13/Engine/Plugins/Runtime/OculusAudio/OculusAudio.uplugin
LogPluginManager: Loaded Plugin OculusInput, From F:/Epic Games/4.13/Engine/Plugins/Runtime/OculusInput/OculusInput.uplugin
LogPluginManager: Loaded Plugin OculusLibrary, From F:/Epic Games/4.13/Engine/Plugins/Runtime/OculusLibrary/OculusLibrary.uplugin
LogPluginManager: Loaded Plugin OculusRift, From F:/Epic Games/4.13/Engine/Plugins/Runtime/OculusRift/OculusRift.uplugin
LogPluginManager: Loaded Plugin Oodle, From F:/Epic Games/4.13/Engine/Plugins/Runtime/PacketHandlers/CompressionComponents/Oodle/Oodle.uplugin
LogPluginManager: Loaded Plugin ProceduralMeshComponent, From F:/Epic Games/4.13/Engine/Plugins/Runtime/ProceduralMeshComponent/ProceduralMeshComponent.uplugin
LogPluginManager: Loaded Plugin SoundMod, From F:/Epic Games/4.13/Engine/Plugins/Runtime/SoundMod/SoundMod.uplugin
LogPluginManager: Loaded Plugin SoundVisualizations, From F:/Epic Games/4.13/Engine/Plugins/Runtime/SoundVisualizations/SoundVisualizations.uplugin
LogPluginManager: Loaded Plugin SteamController, From F:/Epic Games/4.13/Engine/Plugins/Runtime/Steam/SteamController/SteamController.uplugin
LogPluginManager: Loaded Plugin SteamVR, From F:/Epic Games/4.13/Engine/Plugins/Runtime/Steam/SteamVR/SteamVR.uplugin
LogPluginManager: Loaded Plugin WebBrowserWidget, From F:/Epic Games/4.13/Engine/Plugins/Runtime/WebBrowserWidget/WebBrowserWidget.uplugin
LogPluginManager: Loaded Plugin WindowsDeviceProfileSelector, From F:/Epic Games/4.13/Engine/Plugins/Runtime/WindowsDeviceProfileSelector/WindowsDeviceProfileSelector.uplugin
LogPluginManager: Loaded Plugin WindowsMoviePlayer, From F:/Epic Games/4.13/Engine/Plugins/Runtime/WindowsMoviePlayer/WindowsMoviePlayer.uplugin
LogPluginManager: Loaded Plugin ScriptPlugin, From F:/Epic Games/4.13/Engine/Plugins/ScriptPlugin/ScriptPlugin.uplugin
LogPluginManager: Loaded Plugin SlateRemote, From F:/Epic Games/4.13/Engine/Plugins/Slate/SlateRemote/SlateRemote.uplugin
LogInit: Using libcurl 7.47.1
LogInit:  - built for x86_64-pc-win32
LogInit:  - supports SSL with WinSSL
LogInit:  - other features:
LogInit:      CURL_VERSION_SSL
LogInit:      CURL_VERSION_IPV6
LogInit:      CURL_VERSION_ASYNCHDNS
LogInit:      CURL_VERSION_LARGEFILE
LogInit:      CURL_VERSION_IDN
LogInit:  CurlRequestOptions (configurable via config and command line):
LogInit:  - bVerifyPeer = false  - Libcurl will NOT verify peer certificate
LogInit:  - bUseHttpProxy = false  - Libcurl will NOT use HTTP proxy
LogInit:  - bDontReuseConnections = false  - Libcurl will reuse connections
LogInit:  - CertBundlePath = nullptr  - Libcurl will use whatever was configured at build time.
LogInit: Build: ++UE4+Release-4.13-CL-3142249
LogInit: Engine Version: 4.13.1-3142249+++UE4+Release-4.13
LogInit: Compatible Engine Version: 4.13.0-3106830+++UE4+Release-4.13
LogInit: Net CL: 3142249
LogDevObjectVersion: Number of dev versions registered: 13
LogDevObjectVersion:   Dev-Blueprints (B0D832E4-1F89-4F0D-ACCF-7EB736FD4AA2): 5
LogDevObjectVersion:   Dev-Build (E1C64328-A22C-4D53-A36C-8E866417BD8C): 0
LogDevObjectVersion:   Dev-Core (375EC13C-06E4-48FB-B500-84F0262A717E): 1
LogDevObjectVersion:   Dev-Editor (E4B068ED-F494-42E9-A231-DA0B2E46BB41): 6
LogDevObjectVersion:   Dev-Framework (CFFC743F-43B0-4480-9391-14DF171D2073): 12
LogDevObjectVersion:   Dev-Mobile (B02B49B5-BB20-44E9-A304-32B752E40360): 0
LogDevObjectVersion:   Dev-Networking (A4E4105C-59A1-49B5-A7C5-40C4547EDFEE): 0
LogDevObjectVersion:   Dev-Online (39C831C9-5AE6-47DC-9A44-9C173E1C8E7C): 0
LogDevObjectVersion:   Dev-Physics (78F01B33-EBEA-4F98-B9B4-84EACCB95AA2): 0
LogDevObjectVersion:   Dev-Platform (6631380F-2D4D-43E0-8009-CF276956A95A): 0
LogDevObjectVersion:   Dev-Rendering (12F88B9F-8875-4AFC-A67C-D90C383ABD29): 4
LogDevObjectVersion:   Dev-Sequencer (7B5AE74C-D270-4C10-A958-57980B212A5A): 0
LogDevObjectVersion:   Dev-VR (D7296918-1DD6-4BDD-9DE2-64A83CC13884): 0
LogInit: Compiled (64-bit): Sep 28 2016 02:12:12
LogInit: Compiled with Visual C++: 19.00.23026.00
LogInit: Build Configuration: Development
LogInit: Branch Name: ++UE4+Release-4.13
LogInit: Command line: -EpicPortal 
LogInit: Base directory: F:/Epic Games/4.13/Engine/Binaries/Win64/
LogInit: Installed Engine Build: 1
LogInit: Presizing for max 8388607 objects, including 0 objects not considered by GC, pre-allocating 0 bytes for permanent pool.
LogInit: Object subsystem initialized
[2016.10.28-00.36.27:668][  0]LogInit: Selected Device Profile: [Windows]
[2016.10.28-00.36.27:668][  0]LogInit: Applying CVar settings loaded from the selected device profile: [Windows]
[2016.10.28-00.36.27:676][  0]LogInit: Computer: DESKTOP-BB60M3D
[2016.10.28-00.36.27:676][  0]LogInit: User: Admin
[2016.10.28-00.36.27:676][  0]LogInit: CPU Page size=65536, Cores=6
[2016.10.28-00.36.27:676][  0]LogInit: High frequency timer resolution =3.228261 MHz
[2016.10.28-00.36.27:676][  0]LogMemory: Memory total: Physical=15.9GB (16GB approx)
[2016.10.28-00.36.27:676][  0]LogMemory: Platform Memory Stats for Windows
[2016.10.28-00.36.27:676][  0]LogMemory: Process Physical Memory: 257.45 MB used, 257.45 MB peak
[2016.10.28-00.36.27:676][  0]LogMemory: Process Virtual Memory: 260.46 MB used, 260.46 MB peak
[2016.10.28-00.36.27:676][  0]LogMemory: Physical Memory: 5870.05 MB used, 16285.63 MB total
[2016.10.28-00.36.27:676][  0]LogMemory: Virtual Memory: 626.47 MB used, 134217728.00 MB total
[2016.10.28-00.36.27:717][  0]LogTextLocalizationManager: No specific translations for ('en-US') exist, so ('en') translations will be used.
[2016.10.28-00.36.28:154][  0]LogD3D11RHI: D3D11 adapters:
[2016.10.28-00.36.28:698][  0]LogD3D11RHI:    0. 'NVIDIA GeForce GTX 980 Ti' (Feature Level 11_0)
[2016.10.28-00.36.28:698][  0]LogD3D11RHI:       5997/0/8142 MB DedicatedVideo/DedicatedSystem/SharedSystem, Outputs:2, VendorId:0x10de
[2016.10.28-00.36.28:699][  0]LogD3D11RHI:    1. 'Microsoft Basic Render Driver' (Feature Level 11_0)
[2016.10.28-00.36.28:699][  0]LogD3D11RHI:       0/0/8142 MB DedicatedVideo/DedicatedSystem/SharedSystem, Outputs:0, VendorId:0x1414
[2016.10.28-00.36.28:699][  0]LogD3D11RHI: Chosen D3D11 Adapter: 0
[2016.10.28-00.36.28:702][  0]LogD3D11RHI: Creating new Direct3DDevice
[2016.10.28-00.36.28:702][  0]LogD3D11RHI:     GPU DeviceId: 0x17c8 (for the marketing name, search the web for "GPU Device Id")
[2016.10.28-00.36.28:702][  0]LogWindows: EnumDisplayDevices:
[2016.10.28-00.36.28:702][  0]LogWindows:    0. 'NVIDIA GeForce GTX 980 Ti' (P:1 D:1)
[2016.10.28-00.36.28:703][  0]LogWindows:    1. 'NVIDIA GeForce GTX 980 Ti' (P:0 D:1)
[2016.10.28-00.36.28:703][  0]LogWindows:    2. 'NVIDIA GeForce GTX 980 Ti' (P:0 D:0)
[2016.10.28-00.36.28:703][  0]LogWindows:    3. 'NVIDIA GeForce GTX 980 Ti' (P:0 D:0)
[2016.10.28-00.36.28:703][  0]LogWindows: DebugString: FoundDriverCount:4 
[2016.10.28-00.36.28:703][  0]LogD3D11RHI:     Adapter Name: NVIDIA GeForce GTX 980 Ti
[2016.10.28-00.36.28:703][  0]LogD3D11RHI:   Driver Version: 372.70 (internal:21.21.13.7270, unified:372.70)
[2016.10.28-00.36.28:703][  0]LogD3D11RHI:      Driver Date: 8-25-2016
[2016.10.28-00.36.28:703][  0]LogRHI: Texture pool is 1361 MB (70% of 1945 MB)
[2016.10.28-00.36.29:211][  0]LogD3D11RHI: Async texture creation enabled
[2016.10.28-00.36.29:240][  0]LogD3D11RHI: GPU Timing Frequency: 1000.000000 (Debug: 2 1)
[2016.10.28-00.36.29:240][  0]LogShaderCompilers: Guid format shader working directory is -7 characters bigger than the processId version (C:/Users/Admin/Documents/GitHub/EECS393/ClassProject/Intermediate/Shaders/WorkingDirectory/10324/).
[2016.10.28-00.36.29:240][  0]LogShaderCompilers: Cleaned the shader compiler working directory 'C:/Users/Admin/AppData/Local/Temp/UnrealShaderWorkingDir/16D6B8D44B50E1071DE7C4BF2481EAE2/'.
[2016.10.28-00.36.29:240][  0]LogShaderCompilers:Display: Using Local Shader Compiler.
[2016.10.28-00.36.30:000][  0]LogTemp:Display: Loaded TP AllDesktopTargetPlatform
[2016.10.28-00.36.30:006][  0]LogTemp:Display: Loaded TP WindowsClientTargetPlatform
[2016.10.28-00.36.30:011][  0]LogTemp:Display: Loaded TP WindowsNoEditorTargetPlatform
[2016.10.28-00.36.30:017][  0]LogTemp:Display: Loaded TP WindowsServerTargetPlatform
[2016.10.28-00.36.30:022][  0]LogTemp:Display: Loaded TP WindowsTargetPlatform
[2016.10.28-00.36.30:027][  0]LogTemp:Display: Loaded TP AndroidTargetPlatform
[2016.10.28-00.36.30:031][  0]LogTemp:Display: Loaded TP Android_ASTCTargetPlatform
[2016.10.28-00.36.30:036][  0]LogTemp:Display: Loaded TP Android_ATCTargetPlatform
[2016.10.28-00.36.30:041][  0]LogTemp:Display: Loaded TP Android_DXTTargetPlatform
[2016.10.28-00.36.30:046][  0]LogTemp:Display: Loaded TP Android_ETC1TargetPlatform
[2016.10.28-00.36.30:050][  0]LogTemp:Display: Loaded TP Android_ETC2TargetPlatform
[2016.10.28-00.36.30:059][  0]LogTemp:Display: Loaded TP Android_MultiTargetPlatform
[2016.10.28-00.36.30:059][  0]LogTemp:Display: Loaded TP Android_PVRTCTargetPlatform
[2016.10.28-00.36.30:060][  0]LogTemp:Display: Loaded TP HTML5TargetPlatform
[2016.10.28-00.36.30:077][  0]LogTemp:Display: Loaded TP IOSTargetPlatform
[2016.10.28-00.36.30:082][  0]LogTemp:Display: Loaded TP TVOSTargetPlatform
[2016.10.28-00.36.30:086][  0]LogTemp:Display: Loaded TP LinuxClientTargetPlatform
[2016.10.28-00.36.30:091][  0]LogTemp:Display: Loaded TP LinuxNoEditorTargetPlatform
[2016.10.28-00.36.30:095][  0]LogTemp:Display: Loaded TP LinuxServerTargetPlatform
[2016.10.28-00.36.30:100][  0]LogTemp:Display: Loaded TP LinuxTargetPlatform
[2016.10.28-00.36.30:100][  0]LogTargetPlatformManager:Display: Building Assets For Windows
[2016.10.28-00.36.30:142][  0]LogDerivedDataCache:Display: Max Cache Size: 512 MB
[2016.10.28-00.36.30:206][  0]LogDerivedDataCache: Loaded boot cache 0.06s 68MB C:/Users/Admin/AppData/Local/UnrealEngine/4.13/DerivedDataCache/Boot.ddc.
[2016.10.28-00.36.30:206][  0]LogDerivedDataCache:Display: Loaded Boot cache: C:/Users/Admin/AppData/Local/UnrealEngine/4.13/DerivedDataCache/Boot.ddc
[2016.10.28-00.36.30:206][  0]LogDerivedDataCache: FDerivedDataBackendGraph:  Pak pak cache file C:/Users/Admin/Documents/GitHub/EECS393/ClassProject/DerivedDataCache/DDC.ddp not found, will not use a pak cache.
[2016.10.28-00.36.30:206][  0]LogDerivedDataCache: Unable to find inner node Pak for hierarchical cache Hierarchy.
[2016.10.28-00.36.30:206][  0]LogDerivedDataCache: FDerivedDataBackendGraph:  CompressedPak pak cache file C:/Users/Admin/Documents/GitHub/EECS393/ClassProject/DerivedDataCache/Compressed.ddp not found, will not use a pak cache.
[2016.10.28-00.36.30:206][  0]LogDerivedDataCache: Unable to find inner node CompressedPak for hierarchical cache Hierarchy.
[2016.10.28-00.36.30:220][  0]LogDerivedDataCache:Display: Pak cache opened for reading ../../../Engine/DerivedDataCache/Compressed.ddp.
[2016.10.28-00.36.30:231][  0]LogDerivedDataCache: Using Local data cache path C:/Users/Admin/AppData/Local/UnrealEngine/Common/DerivedDataCache: Writable
[2016.10.28-00.36.30:373][  0]LogInit: Selected Device Profile: [Windows]
[2016.10.28-00.36.30:375][  0]LogContentStreaming: Texture pool size is 0.00 MB
[2016.10.28-00.36.30:442][  0]LogMeshUtilities: No automatic mesh reduction module available
[2016.10.28-00.36.30:442][  0]LogMeshUtilities: No automatic mesh merging module available
[2016.10.28-00.36.30:442][  0]LogMeshUtilities: No distributed automatic mesh merging module available
[2016.10.28-00.36.30:488][  0]LogMaterial: Uniform references updated for custom material expression Custom.
[2016.10.28-00.36.30:761][  0]LogNetVersion: GetLocalNetworkVersion: CL: 3106830, ProjectName: classproject, ProjectVersion: , EngineNetworkVersion: 1, GameNetworkVersion: 0, NetworkChecksum: 2648852425
[2016.10.28-00.36.30:794][  0]LogAssetRegistry: FAssetRegistry took 0.0214 seconds to start up
[2016.10.28-00.36.30:814][  0]LogPackageLocalizationCache: Processed 3 localized package path(s) for 2 prioritized culture(s) in 0.018813 seconds
[2016.10.28-00.36.30:818][  0]LogUObjectArray: 29778 objects as part of root set at end of initial load.
[2016.10.28-00.36.30:818][  0]LogUObjectAllocator: 6125456 out of 0 bytes used by permanent object pool.
[2016.10.28-00.36.30:818][  0]LogUObjectArray: CloseDisregardForGC: 0/0 objects in disregard for GC pool
[2016.10.28-00.36.30:821][  0]LogInit: WinSock: version 1.1 (2.2), MaxSocks=32767, MaxUdp=65467
[2016.10.28-00.36.30:959][  0]LogSlate: SlateFontCache - WITH_FREETYPE: 1, WITH_HARFBUZZ: 1
[2016.10.28-00.36.30:959][  0]LogSlate: SlateFontCache - WITH_FREETYPE: 1, WITH_HARFBUZZ: 1
[2016.10.28-00.36.31:434][  0]LogTcpMessaging: Initializing TcpMessaging bridge
[2016.10.28-00.36.31:449][  0]LogUdpMessaging: Initializing bridge on interface 0.0.0.0:0 to multicast group 230.0.0.1:6666.
[2016.10.28-00.36.32:347][  0]SourceControl: Info Source control is disabled
[2016.10.28-00.36.32:373][  0]SourceControl: Info Source control is disabled
[2016.10.28-00.36.32:378][  0]SourceControl: Info Source control is disabled
[2016.10.28-00.36.32:382][  0]SourceControl: Info Source control is disabled
[2016.10.28-00.36.32:541][  0]LogEngine: Initializing Engine...
[2016.10.28-00.36.32:541][  0]LogHMD: Failed to initialize OpenVR with code 110
[2016.10.28-00.36.32:644][  0]LogAIModule: Creating AISystem for world Untitled
[2016.10.28-00.36.32:657][  0]LogInit: XAudio2 using 'Realtek Digital Output(Optical) (Realtek High Definition Audio)' : 2 channels at 48 kHz using 16 bits per sample (channel mask 0x3)
[2016.10.28-00.36.32:667][  0]LogInit: FAudioDevice initialized.
[2016.10.28-00.36.32:696][  0]LogDerivedDataCache: Saved boot cache 0.03s 68MB C:/Users/Admin/AppData/Local/UnrealEngine/4.13/DerivedDataCache/Boot.ddc.
[2016.10.28-00.36.32:704][  0]LogInit: Texture streaming: Enabled
[2016.10.28-00.36.32:739][  0]LogInit: Transaction tracking system initialized
[2016.10.28-00.36.32:751][  0]BlueprintLog: New page: Editor Load
[2016.10.28-00.36.32:829][  0]LocalizationService: Info Localization service is disabled
[2016.10.28-00.36.32:875][  0]LogConsoleResponse:Display: 
[2016.10.28-00.36.33:101][  0]LogCook:Display: Max memory allowance for cook 16384mb min free memory 0mb
[2016.10.28-00.36.33:101][  0]LogCook:Display: Mobile HDR setting 1
[2016.10.28-00.36.33:183][  0]LogFileCache: Scanning file cache for directory 'C:/Users/Admin/Documents/GitHub/EECS393/ClassProject/Content/' took 0.02s
[2016.10.28-00.36.33:183][  0]SourceControl: Info Source control is disabled
[2016.10.28-00.36.33:358][  0]LogWindowsTextInputMethodSystem:Display: IME system now deactivated.
[2016.10.28-00.36.51:969][  0]LogWindowsTextInputMethodSystem:Display: IME system now deactivated.
[2016.10.28-00.36.51:974][  0]LogWindowsTextInputMethodSystem:Display: IME system now deactivated.
[2016.10.28-00.36.51:976][  0]Cmd: MAP LOAD FILE="C:/Users/Admin/Documents/GitHub/EECS393/ClassProject/Content/ThirdPersonCPP/Maps/ThirdPersonExampleMap.umap" TEMPLATE=0 SHOWPROGRESS=1 FEATURELEVEL=3
[2016.10.28-00.36.51:976][  0]LightingResults: New page: Lighting Build
[2016.10.28-00.36.51:977][  0]MapCheck: New page: Map Check
[2016.10.28-00.36.51:977][  0]LightingResults: New page: Lighting Build
[2016.10.28-00.36.52:353][  0]LogAIModule: Creating AISystem for world ThirdPersonExampleMap
[2016.10.28-00.36.52:569][  0]LogEditorServer: Finished looking for orphan Actors (0.000 secs)
[2016.10.28-00.36.52:582][  0]Cmd: MAP CHECKDEP NOCLEARLOG
[2016.10.28-00.36.52:613][  0]MapCheck: Info Map check complete: 0 Error(s), 0 Warning(s), took 30.589ms to complete.
[2016.10.28-00.36.52:613][  0]LogFileHelpers: Loading map 'ThirdPersonExampleMap' took 0.637
[2016.10.28-00.36.53:166][  0]LogStats:Warning: MetaData mismatch. Did you assign a stat to two groups? New //STATGROUP_Threads//SplashScreenThread///Thread_3330_0///####STATCAT_Advanced#### old //STATGROUP_Threads//SplashScreenThread///Thread_16cc_0///####STATCAT_Advanced####
[2016.10.28-00.36.53:166][  0]LogCollectionManager: Loaded 0 collections in 0.000918 seconds
[2016.10.28-00.36.53:273][  0]LogFileCache: Scanning file cache for directory 'C:/Users/Admin/Documents/GitHub/EECS393/ClassProject/Saved/Collections/' took 0.01s
[2016.10.28-00.36.53:273][  0]LogFileCache: Scanning file cache for directory 'C:/Users/Admin/Documents/GitHub/EECS393/ClassProject/Content/Developers/Admin/Collections/' took 0.01s
[2016.10.28-00.36.53:273][  0]LogFileCache: Scanning file cache for directory 'C:/Users/Admin/Documents/GitHub/EECS393/ClassProject/Content/Collections/' took 0.01s
[2016.10.28-00.36.53:273][  0]LogCollectionManager: Rebuilt the GUID cache for 0 collections in 0.000002 seconds
[2016.10.28-00.36.53:282][  0]LogContentBrowser: Native class hierarchy populated in 0.0080 seconds. Added 2143 classes and 417 folders.
[2016.10.28-00.36.53:351][  0]LogStats: UGameplayTagsManager::ConstructGameplayTagTree: Construct from data asset -  0.000 s
[2016.10.28-00.36.53:351][  0]LogStats: UGameplayTagsManager::ConstructGameplayTagTree: GameplayTagTreeChangedEvent.Broadcast -  0.000 s
[2016.10.28-00.36.53:352][  0]LogContentBrowser: Native class hierarchy updated for 'GameplayTags' in 0.0010 seconds. Added 12 classes and 0 folders.
[2016.10.28-00.36.53:378][  0]LogContentBrowser: Native class hierarchy updated for 'WidgetCarousel' in 0.0009 seconds. Added 0 classes and 0 folders.
[2016.10.28-00.36.54:080][  0]LogContentBrowser: Native class hierarchy updated for 'AddContentDialog' in 0.0009 seconds. Added 0 classes and 0 folders.
[2016.10.28-00.36.54:103][  0]LogContentBrowser: Native class hierarchy updated for 'SceneOutliner' in 0.0010 seconds. Added 1 classes and 2 folders.
[2016.10.28-00.36.54:490][  0]LogCrashTracker: Crashtracker disabled due to settings.
[2016.10.28-00.36.54:660][  0]LogUObjectGlobals:Warning: Failed to find object 'Class None.'
[2016.10.28-00.36.54:707][  0]LogContentBrowser: Native class hierarchy updated for 'HierarchicalLODOutliner' in 0.0009 seconds. Added 1 classes and 2 folders.
[2016.10.28-00.36.54:707][  0]LogLoad: (Engine Initialization) Total time: 27.80 seconds
[2016.10.28-00.36.54:707][  0]LogLoad: (Engine Initialization) Total Blueprint compile time: 0.25 seconds
[2016.10.28-00.36.54:707][  0]LogExternalProfiler: Found external profiler: VSPerf
[2016.10.28-00.36.54:707][  0]LogExternalProfiler: Using external profiler: VSPerf
[2016.10.28-00.36.54:716][  0]LogOcInput: OculusInput pre-init called
[2016.10.28-00.36.54:864][  0]LogContentStreaming: Texture pool size now 1000 MB
[2016.10.28-00.36.55:502][  0]LogRenderer: Reallocating scene render targets to support 1208x576 (Frame:2).
[2016.10.28-00.36.55:773][  1]LogAssetRegistry: Asset discovery search completed in 25.0007 seconds
[2016.10.28-00.36.55:773][  1]LogCollectionManager: Rebuilt the object cache for 0 collections in 0.000001 seconds (found 0 objects)
[2016.10.28-00.36.55:773][  1]LogCollectionManager: Fixed up redirectors for 0 collections in 0.000017 seconds (updated 0 objects)
[2016.10.28-00.37.06:571][117]Cmd: MAP LOAD FILE="C:/Users/Admin/Documents/GitHub/EECS393/ClassProject/Content/ThirdPersonCPP/Maps/DefaultArena.umap" TEMPLATE=0 SHOWPROGRESS=1 FEATURELEVEL=3
[2016.10.28-00.37.06:633][117]LightingResults: New page: Lighting Build
[2016.10.28-00.37.06:634][117]LoadErrors: New page: Loading map: DefaultArena.umap
[2016.10.28-00.37.06:676][117]MapCheck: New page: Map Check
[2016.10.28-00.37.06:676][117]LightingResults: New page: Lighting Build
[2016.10.28-00.37.07:388][117]LogTexture:Display: Building textures: T_Wood_Walnut_D (AutoDXT)
[2016.10.28-00.37.08:667][117]LogTexture:Display: Building textures: T_Wood_Walnut_N (BC5)
[2016.10.28-00.37.09:171][117]LogTexture:Display: Building textures: T_Ground_Grass_D (AutoDXT)
[2016.10.28-00.37.10:563][117]LogTexture:Display: Building textures: T_Ground_Grass_N (BC5)
[2016.10.28-00.37.10:860][117]LogMaterial: Missing cached shader map for material M_Ground_Grass, compiling. 
[2016.10.28-00.37.10:986][117]LogTexture:Display: Building textures: Texture2D_1 (BGRA8)
[2016.10.28-00.37.10:996][117]LogTexture:Display: Building textures: HQ_Lightmap0_1 (AutoDXT)
[2016.10.28-00.37.11:063][117]LogTexture:Display: Building textures: HQ_Lightmap1_2 (AutoDXT)
[2016.10.28-00.37.11:103][117]LogTexture:Display: Building textures: LQ_Lightmap_0_1 (DXT1)
[2016.10.28-00.37.11:145][117]LogTexture:Display: Building textures: LQ_Lightmap_1_2 (DXT1)
[2016.10.28-00.37.11:194][117]LogTexture:Display: Building textures: SkyOcclusion0_1 (AutoDXT)
[2016.10.28-00.37.11:240][117]LogTexture:Display: Building textures: SkyOcclusion1_2 (AutoDXT)
[2016.10.28-00.37.11:273][117]LogTexture:Display: Building textures: ShadowMapTexture2D_0 (G8)
[2016.10.28-00.37.11:287][117]LogTexture:Display: Building textures: ShadowMapTexture2D_2 (G8)
[2016.10.28-00.37.11:294][117]LogMaterial: Missing cached shader map for material M_Wood_Walnut, compiling. 
[2016.10.28-00.37.11:344][117]LogTexture:Display: Building textures: T_Dust_Particle_D (AutoDXT)
[2016.10.28-00.37.11:380][117]LogTexture:Display: Building textures: ThumbnailTexture (DXT1)
[2016.10.28-00.37.11:576][117]LogTexture:Display: Building textures: T_Brick_Clay_Old_N (BC5)
[2016.10.28-00.37.12:086][117]LogTexture:Display: Building textures: T_Brick_Clay_Old_D (AutoDXT)
[2016.10.28-00.37.13:535][117]LogMaterial: Missing cached shader map for material ArenaWallTextures, compiling. 
[2016.10.28-00.37.13:573][117]LogTexture:Display: Building textures: T_Bush_N (BC5)
[2016.10.28-00.37.13:608][117]LogTexture:Display: Building textures: T_Bush_D (AutoDXT)
[2016.10.28-00.37.13:797][117]LogAIModule: Creating AISystem for world DefaultArena
[2016.10.28-00.37.14:020][117]LogEditorServer: Finished looking for orphan Actors (0.000 secs)
[2016.10.28-00.37.14:144][117]Cmd: MAP CHECKDEP NOCLEARLOG
[2016.10.28-00.37.14:198][117]MapCheck: Info Map check complete: 0 Error(s), 0 Warning(s), took 54.279ms to complete.
[2016.10.28-00.37.14:198][117]LogFileHelpers: Loading map 'DefaultArena' took 7.631
[2016.10.28-00.37.19:656][215]LogEditorViewport: Clicking on Actor (LMB): Landscape (Landscape1)
[2016.10.28-00.37.21:452][228]LogBlueprintUserMessages: Early PlayInEditor Detection: Level '/Game/ThirdPersonCPP/Maps/DefaultArena.DefaultArena:PersistentLevel' has LevelScriptBlueprint '/Game/ThirdPersonCPP/Maps/DefaultArena.DefaultArena:PersistentLevel.DefaultArena' with GeneratedClass '/Game/ThirdPersonCPP/Maps/DefaultArena.DefaultArena_C' with ClassGeneratedBy '/Game/ThirdPersonCPP/Maps/DefaultArena.DefaultArena:PersistentLevel.DefaultArena'
[2016.10.28-00.37.21:469][228]LogPlayLevel: PlayLevel: No blueprints needed recompiling
[2016.10.28-00.37.21:531][228]PIE: New page: PIE session: DefaultArena (Oct 27, 2016, 3:37:21 PM)
[2016.10.28-00.37.21:539][228]LogPlayLevel: Creating play world package: /Game/ThirdPersonCPP/Maps/UEDPIE_0_DefaultArena
[2016.10.28-00.37.21:572][228]LogPlayLevel: PIE: StaticDuplicateObject took: (0.033092s)
[2016.10.28-00.37.21:572][228]LogAIModule: Creating AISystem for world DefaultArena
[2016.10.28-00.37.21:586][228]LogPlayLevel: PIE: World Init took: (0.014510s)
[2016.10.28-00.37.21:587][228]LogPlayLevel: PIE: Created PIE world by copying editor world from /Game/ThirdPersonCPP/Maps/DefaultArena.DefaultArena to /Game/ThirdPersonCPP/Maps/UEDPIE_0_DefaultArena.DefaultArena (0.047972s)
[2016.10.28-00.37.21:644][228]LogInit: XAudio2 using 'Realtek Digital Output(Optical) (Realtek High Definition Audio)' : 2 channels at 48 kHz using 16 bits per sample (channel mask 0x3)
[2016.10.28-00.37.21:651][228]LogInit: FAudioDevice initialized.
[2016.10.28-00.37.21:825][228]LogWorld: Game class is 'combatmode_C'
[2016.10.28-00.37.21:929][228]LogWorld: Bringing World /Game/ThirdPersonCPP/Maps/UEDPIE_0_DefaultArena.DefaultArena up for play (max tick rate 0) at 2016.10.27-20.37.21
[2016.10.28-00.37.22:092][228]LogWorld: Bringing up level for play took: 0.171640
[2016.10.28-00.37.22:162][228]LogContentBrowser: Native class hierarchy updated for 'MovieSceneCapture' in 0.0011 seconds. Added 11 classes and 0 folders.
[2016.10.28-00.37.22:163][228]LogGameMode:Display: Match State Changed from EnteringMap to WaitingToStart
[2016.10.28-00.37.22:163][228]LogGameState: Match State Changed from EnteringMap to WaitingToStart
[2016.10.28-00.37.22:163][228]LogGameMode:Display: Match State Changed from WaitingToStart to InProgress
[2016.10.28-00.37.22:261][228]LogGameState: Match State Changed from WaitingToStart to InProgress
[2016.10.28-00.37.22:262][228]PIE: Info Play in editor start time for /Game/ThirdPersonCPP/Maps/UEDPIE_0_DefaultArena 0.048
[2016.10.28-00.37.22:262][228]LogBlueprintUserMessages: Late PlayInEditor Detection: Level '/Game/ThirdPersonCPP/Maps/DefaultArena.DefaultArena:PersistentLevel' has LevelScriptBlueprint '/Game/ThirdPersonCPP/Maps/DefaultArena.DefaultArena:PersistentLevel.DefaultArena' with GeneratedClass '/Game/ThirdPersonCPP/Maps/DefaultArena.DefaultArena_C' with ClassGeneratedBy '/Game/ThirdPersonCPP/Maps/DefaultArena.DefaultArena:PersistentLevel.DefaultArena'
[2016.10.28-00.37.32:675][435]LogBlueprintUserMessages: Early EndPlayMap Detection: Level '/Game/ThirdPersonCPP/Maps/DefaultArena.DefaultArena:PersistentLevel' has LevelScriptBlueprint '/Game/ThirdPersonCPP/Maps/DefaultArena.DefaultArena:PersistentLevel.DefaultArena' with GeneratedClass '/Game/ThirdPersonCPP/Maps/DefaultArena.DefaultArena_C' with ClassGeneratedBy '/Game/ThirdPersonCPP/Maps/DefaultArena.DefaultArena:PersistentLevel.DefaultArena'
[2016.10.28-00.37.32:831][435]LogBlueprintUserMessages: Late EndPlayMap Detection: Level '/Game/ThirdPersonCPP/Maps/DefaultArena.DefaultArena:PersistentLevel' has LevelScriptBlueprint '/Game/ThirdPersonCPP/Maps/DefaultArena.DefaultArena:PersistentLevel.DefaultArena' with GeneratedClass '/Game/ThirdPersonCPP/Maps/DefaultArena.DefaultArena_C' with ClassGeneratedBy '/Game/ThirdPersonCPP/Maps/DefaultArena.DefaultArena:PersistentLevel.DefaultArena'
[2016.10.28-00.37.46:925][522]LogBlueprintUserMessages: Early PlayInEditor Detection: Level '/Game/ThirdPersonCPP/Maps/DefaultArena.DefaultArena:PersistentLevel' has LevelScriptBlueprint '/Game/ThirdPersonCPP/Maps/DefaultArena.DefaultArena:PersistentLevel.DefaultArena' with GeneratedClass '/Game/ThirdPersonCPP/Maps/DefaultArena.DefaultArena_C' with ClassGeneratedBy '/Game/ThirdPersonCPP/Maps/DefaultArena.DefaultArena:PersistentLevel.DefaultArena'
[2016.10.28-00.37.46:925][522]LogPlayLevel: PlayLevel: No blueprints needed recompiling
[2016.10.28-00.37.46:926][522]PIE: New page: PIE session: DefaultArena (Oct 27, 2016, 3:37:46 PM)
[2016.10.28-00.37.46:926][522]LogPlayLevel: Creating play world package: /Game/ThirdPersonCPP/Maps/UEDPIE_0_DefaultArena
[2016.10.28-00.37.46:947][522]LogPlayLevel: PIE: StaticDuplicateObject took: (0.021240s)
[2016.10.28-00.37.46:947][522]LogAIModule: Creating AISystem for world DefaultArena
[2016.10.28-00.37.46:947][522]LogPlayLevel: PIE: World Init took: (0.000607s)
[2016.10.28-00.37.46:948][522]LogPlayLevel: PIE: Created PIE world by copying editor world from /Game/ThirdPersonCPP/Maps/DefaultArena.DefaultArena to /Game/ThirdPersonCPP/Maps/UEDPIE_0_DefaultArena.DefaultArena (0.022023s)
[2016.10.28-00.37.46:965][522]LogInit: XAudio2 using 'Realtek Digital Output(Optical) (Realtek High Definition Audio)' : 2 channels at 48 kHz using 16 bits per sample (channel mask 0x3)
[2016.10.28-00.37.46:973][522]LogInit: FAudioDevice initialized.
[2016.10.28-00.37.47:030][522]LogWorld: Game class is 'combatmode_C'
[2016.10.28-00.37.47:038][522]LogWorld: Bringing World /Game/ThirdPersonCPP/Maps/UEDPIE_0_DefaultArena.DefaultArena up for play (max tick rate 0) at 2016.10.27-20.37.47
[2016.10.28-00.37.47:040][522]LogWorld: Bringing up level for play took: 0.009564
[2016.10.28-00.37.47:040][522]LogGameMode:Display: Match State Changed from EnteringMap to WaitingToStart
[2016.10.28-00.37.47:040][522]LogGameState: Match State Changed from EnteringMap to WaitingToStart
[2016.10.28-00.37.47:040][522]LogGameMode:Display: Match State Changed from WaitingToStart to InProgress
[2016.10.28-00.37.47:050][522]LogGameState: Match State Changed from WaitingToStart to InProgress
[2016.10.28-00.37.47:050][522]PIE: Info Play in editor start time for /Game/ThirdPersonCPP/Maps/UEDPIE_0_DefaultArena 0.836
[2016.10.28-00.37.47:050][522]LogBlueprintUserMessages: Late PlayInEditor Detection: Level '/Game/ThirdPersonCPP/Maps/DefaultArena.DefaultArena:PersistentLevel' has LevelScriptBlueprint '/Game/ThirdPersonCPP/Maps/DefaultArena.DefaultArena:PersistentLevel.DefaultArena' with GeneratedClass '/Game/ThirdPersonCPP/Maps/DefaultArena.DefaultArena_C' with ClassGeneratedBy '/Game/ThirdPersonCPP/Maps/DefaultArena.DefaultArena:PersistentLevel.DefaultArena'
[2016.10.28-00.37.53:208][651]Cmd: LevelEditor.ToggleImmersive
[2016.10.28-00.37.53:465][652]LogRenderer: Reallocating scene render targets to support 1920x1040 (Frame:612).
[2016.10.28-00.38.12:760][ 58]LogBlueprintUserMessages: Early EndPlayMap Detection: Level '/Game/ThirdPersonCPP/Maps/DefaultArena.DefaultArena:PersistentLevel' has LevelScriptBlueprint '/Game/ThirdPersonCPP/Maps/DefaultArena.DefaultArena:PersistentLevel.DefaultArena' with GeneratedClass '/Game/ThirdPersonCPP/Maps/DefaultArena.DefaultArena_C' with ClassGeneratedBy '/Game/ThirdPersonCPP/Maps/DefaultArena.DefaultArena:PersistentLevel.DefaultArena'
[2016.10.28-00.38.12:870][ 58]LogBlueprintUserMessages: Late EndPlayMap Detection: Level '/Game/ThirdPersonCPP/Maps/DefaultArena.DefaultArena:PersistentLevel' has LevelScriptBlueprint '/Game/ThirdPersonCPP/Maps/DefaultArena.DefaultArena:PersistentLevel.DefaultArena' with GeneratedClass '/Game/ThirdPersonCPP/Maps/DefaultArena.DefaultArena_C' with ClassGeneratedBy '/Game/ThirdPersonCPP/Maps/DefaultArena.DefaultArena:PersistentLevel.DefaultArena'
[2016.10.28-00.38.16:424][130]LogVSAccessor:Warning: Couldn't access Visual Studio
[2016.10.28-00.38.16:496][130]Recompiling ClassProject...
[2016.10.28-00.38.16:496][130]Launching UnrealBuildTool... [F:/Epic Games/4.13/Engine/Binaries/DotNET/UnrealBuildTool.exe ClassProject -ModuleWithSuffix ClassProject 6172 Win64 Development -editorrecompile -canskiplink "C:/Users/Admin/Documents/GitHub/EECS393/ClassProject/ClassProject.uproject"  -2015]
[2016.10.28-00.38.16:497][130]Warning: Starting HotReload took  0.1s.
[2016.10.28-00.38.18:161][146]LogBlueprintUserMessages: Early PlayInEditor Detection: Level '/Game/ThirdPersonCPP/Maps/DefaultArena.DefaultArena:PersistentLevel' has LevelScriptBlueprint '/Game/ThirdPersonCPP/Maps/DefaultArena.DefaultArena:PersistentLevel.DefaultArena' with GeneratedClass '/Game/ThirdPersonCPP/Maps/DefaultArena.DefaultArena_C' with ClassGeneratedBy '/Game/ThirdPersonCPP/Maps/DefaultArena.DefaultArena:PersistentLevel.DefaultArena'
[2016.10.28-00.38.18:161][146]LogPlayLevel: PlayLevel: No blueprints needed recompiling
[2016.10.28-00.38.18:161][146]PIE: New page: PIE session: DefaultArena (Oct 27, 2016, 3:38:18 PM)
[2016.10.28-00.38.18:161][146]LogPlayLevel: Creating play world package: /Game/ThirdPersonCPP/Maps/UEDPIE_0_DefaultArena
[2016.10.28-00.38.18:188][146]LogPlayLevel: PIE: StaticDuplicateObject took: (0.026988s)
[2016.10.28-00.38.18:188][146]LogAIModule: Creating AISystem for world DefaultArena
[2016.10.28-00.38.18:189][146]LogPlayLevel: PIE: World Init took: (0.000569s)
[2016.10.28-00.38.18:189][146]LogPlayLevel: PIE: Created PIE world by copying editor world from /Game/ThirdPersonCPP/Maps/DefaultArena.DefaultArena to /Game/ThirdPersonCPP/Maps/UEDPIE_0_DefaultArena.DefaultArena (0.027737s)
[2016.10.28-00.38.18:207][146]LogInit: XAudio2 using 'Realtek Digital Output(Optical) (Realtek High Definition Audio)' : 2 channels at 48 kHz using 16 bits per sample (channel mask 0x3)
[2016.10.28-00.38.18:214][146]LogInit: FAudioDevice initialized.
[2016.10.28-00.38.18:306][146]LogWorld: Game class is 'combatmode_C'
[2016.10.28-00.38.18:314][146]LogWorld: Bringing World /Game/ThirdPersonCPP/Maps/UEDPIE_0_DefaultArena.DefaultArena up for play (max tick rate 0) at 2016.10.27-20.38.18
[2016.10.28-00.38.18:316][146]LogWorld: Bringing up level for play took: 0.009529
[2016.10.28-00.38.18:316][146]LogGameMode:Display: Match State Changed from EnteringMap to WaitingToStart
[2016.10.28-00.38.18:316][146]LogGameState: Match State Changed from EnteringMap to WaitingToStart
[2016.10.28-00.38.18:316][146]LogGameMode:Display: Match State Changed from WaitingToStart to InProgress
[2016.10.28-00.38.18:326][146]LogGameState: Match State Changed from WaitingToStart to InProgress
[2016.10.28-00.38.18:326][146]PIE: Info Play in editor start time for /Game/ThirdPersonCPP/Maps/UEDPIE_0_DefaultArena 0.112
[2016.10.28-00.38.18:326][146]LogBlueprintUserMessages: Late PlayInEditor Detection: Level '/Game/ThirdPersonCPP/Maps/DefaultArena.DefaultArena:PersistentLevel' has LevelScriptBlueprint '/Game/ThirdPersonCPP/Maps/DefaultArena.DefaultArena:PersistentLevel.DefaultArena' with GeneratedClass '/Game/ThirdPersonCPP/Maps/DefaultArena.DefaultArena_C' with ClassGeneratedBy '/Game/ThirdPersonCPP/Maps/DefaultArena.DefaultArena:PersistentLevel.DefaultArena'
[2016.10.28-00.38.26:527][240]CompilerResultsLog: New page: Compilation - Oct 27, 2016, 3:38:26 PM
[2016.10.28-00.38.26:528][240]CompilerResultsLog: Info Performing full C++ include scan (hot reloading a new target)
[2016.10.28-00.38.26:528][240]CompilerResultsLog: Info Creating makefile for hot reloading ClassProject (no existing makefile)
[2016.10.28-00.38.26:528][240]CompilerResultsLog: Info Compiling game modules for hot reload
[2016.10.28-00.38.26:528][240]CompilerResultsLog: Info Target is up to date
[2016.10.28-00.38.26:541][240]LogMainFrame: MainFrame: Module compiling took 10.117 seconds
[2016.10.28-00.38.26:665][240]LogContentBrowser: Native class hierarchy populated in 0.0078 seconds. Added 2145 classes and 421 folders.
[2016.10.28-00.38.26:704][240]Display: HotReload took 10.3s.
[2016.10.28-00.38.40:225][426]LogBlueprintUserMessages: Early EndPlayMap Detection: Level '/Game/ThirdPersonCPP/Maps/DefaultArena.DefaultArena:PersistentLevel' has LevelScriptBlueprint '/Game/ThirdPersonCPP/Maps/DefaultArena.DefaultArena:PersistentLevel.DefaultArena' with GeneratedClass '/Game/ThirdPersonCPP/Maps/DefaultArena.DefaultArena_C' with ClassGeneratedBy '/Game/ThirdPersonCPP/Maps/DefaultArena.DefaultArena:PersistentLevel.DefaultArena'
[2016.10.28-00.38.40:316][426]LogBlueprintUserMessages: Late EndPlayMap Detection: Level '/Game/ThirdPersonCPP/Maps/DefaultArena.DefaultArena:PersistentLevel' has LevelScriptBlueprint '/Game/ThirdPersonCPP/Maps/DefaultArena.DefaultArena:PersistentLevel.DefaultArena' with GeneratedClass '/Game/ThirdPersonCPP/Maps/DefaultArena.DefaultArena_C' with ClassGeneratedBy '/Game/ThirdPersonCPP/Maps/DefaultArena.DefaultArena:PersistentLevel.DefaultArena'
[2016.10.28-00.45.38:041][719]LogBlueprintUserMessages: Early PlayInEditor Detection: Level '/Game/ThirdPersonCPP/Maps/DefaultArena.DefaultArena:PersistentLevel' has LevelScriptBlueprint '/Game/ThirdPersonCPP/Maps/DefaultArena.DefaultArena:PersistentLevel.DefaultArena' with GeneratedClass '/Game/ThirdPersonCPP/Maps/DefaultArena.DefaultArena_C' with ClassGeneratedBy '/Game/ThirdPersonCPP/Maps/DefaultArena.DefaultArena:PersistentLevel.DefaultArena'
[2016.10.28-00.45.38:041][719]LogPlayLevel: PlayLevel: No blueprints needed recompiling
[2016.10.28-00.45.38:041][719]PIE: New page: PIE session: DefaultArena (Oct 27, 2016, 3:45:38 PM)
[2016.10.28-00.45.38:041][719]LogPlayLevel: Creating play world package: /Game/ThirdPersonCPP/Maps/UEDPIE_0_DefaultArena
[2016.10.28-00.45.38:064][719]LogPlayLevel: PIE: StaticDuplicateObject took: (0.022353s)
[2016.10.28-00.45.38:064][719]LogAIModule: Creating AISystem for world DefaultArena
[2016.10.28-00.45.38:064][719]LogPlayLevel: PIE: World Init took: (0.000733s)
[2016.10.28-00.45.38:065][719]LogPlayLevel: PIE: Created PIE world by copying editor world from /Game/ThirdPersonCPP/Maps/DefaultArena.DefaultArena to /Game/ThirdPersonCPP/Maps/UEDPIE_0_DefaultArena.DefaultArena (0.023295s)
[2016.10.28-00.45.38:082][719]LogInit: XAudio2 using 'Realtek Digital Output(Optical) (Realtek High Definition Audio)' : 2 channels at 48 kHz using 16 bits per sample (channel mask 0x3)
[2016.10.28-00.45.38:089][719]LogInit: FAudioDevice initialized.
[2016.10.28-00.45.38:144][719]LogWorld: Game class is 'combatmode_C'
[2016.10.28-00.45.38:153][719]LogWorld: Bringing World /Game/ThirdPersonCPP/Maps/UEDPIE_0_DefaultArena.DefaultArena up for play (max tick rate 0) at 2016.10.27-20.45.38
[2016.10.28-00.45.38:155][719]LogWorld: Bringing up level for play took: 0.010160
[2016.10.28-00.45.38:155][719]LogGameMode:Display: Match State Changed from EnteringMap to WaitingToStart
[2016.10.28-00.45.38:155][719]LogGameState: Match State Changed from EnteringMap to WaitingToStart
[2016.10.28-00.45.38:155][719]LogGameMode:Display: Match State Changed from WaitingToStart to InProgress
[2016.10.28-00.45.38:165][719]LogGameState: Match State Changed from WaitingToStart to InProgress
[2016.10.28-00.45.38:165][719]PIE: Info Play in editor start time for /Game/ThirdPersonCPP/Maps/UEDPIE_0_DefaultArena -0.048
[2016.10.28-00.45.38:165][719]LogBlueprintUserMessages: Late PlayInEditor Detection: Level '/Game/ThirdPersonCPP/Maps/DefaultArena.DefaultArena:PersistentLevel' has LevelScriptBlueprint '/Game/ThirdPersonCPP/Maps/DefaultArena.DefaultArena:PersistentLevel.DefaultArena' with GeneratedClass '/Game/ThirdPersonCPP/Maps/DefaultArena.DefaultArena_C' with ClassGeneratedBy '/Game/ThirdPersonCPP/Maps/DefaultArena.DefaultArena:PersistentLevel.DefaultArena'
[2016.10.28-00.45.47:527][915]Cmd: LevelEditor.ToggleImmersive
[2016.10.28-00.46.16:639][520]LogScript:Warning: Attempted to access Mage_2 via property K2Node_DynamicCast_AsMage, but Mage_2 is pending kill
	Fireball_C /Game/ThirdPersonCPP/Maps/UEDPIE_0_DefaultArena.DefaultArena:PersistentLevel.Fireball_C_23
	Function /Game/ThirdPersonCPP/Fireball.Fireball_C:ExecuteUbergraph_Fireball:0152
[2016.10.28-00.46.16:657][520]PIE:Error: Error Blueprint Runtime Error: Attempted to access Mage_2 via property K2Node_DynamicCast_AsMage, but Mage_2 is pending kill from function: 'ExecuteUbergraph_Fireball' from node: AddActorLocalOffset in graph: EventGraph in object: Fireball with description: Attempted to access Mage_2 via property K2Node_DynamicCast_AsMage, but Mage_2 is pending kill
[2016.10.28-00.46.16:657][520]LogScript:Warning: Attempted to access Mage_2 via property K2Node_DynamicCast_AsMage, but Mage_2 is pending kill
	Fireball_C /Game/ThirdPersonCPP/Maps/UEDPIE_0_DefaultArena.DefaultArena:PersistentLevel.Fireball_C_23
	Function /Game/ThirdPersonCPP/Fireball.Fireball_C:ExecuteUbergraph_Fireball:0152
[2016.10.28-00.46.16:657][520]PIE:Error: Error Blueprint Runtime Error: Attempted to access Mage_2 via property K2Node_DynamicCast_AsMage, but Mage_2 is pending kill from function: 'ExecuteUbergraph_Fireball' from node: AddActorLocalOffset in graph: EventGraph in object: Fireball with description: Attempted to access Mage_2 via property K2Node_DynamicCast_AsMage, but Mage_2 is pending kill
[2016.10.28-00.46.16:657][520]LogScript:Warning: Attempted to access Mage_2 via property K2Node_DynamicCast_AsMage, but Mage_2 is pending kill
	Fireball_C /Game/ThirdPersonCPP/Maps/UEDPIE_0_DefaultArena.DefaultArena:PersistentLevel.Fireball_C_23
	Function /Game/ThirdPersonCPP/Fireball.Fireball_C:ExecuteUbergraph_Fireball:0152
[2016.10.28-00.46.16:657][520]PIE:Error: Error Blueprint Runtime Error: Attempted to access Mage_2 via property K2Node_DynamicCast_AsMage, but Mage_2 is pending kill from function: 'ExecuteUbergraph_Fireball' from node: AddActorLocalOffset in graph: EventGraph in object: Fireball with description: Attempted to access Mage_2 via property K2Node_DynamicCast_AsMage, but Mage_2 is pending kill
[2016.10.28-00.46.16:657][520]LogScript:Warning: Attempted to access Mage_2 via property K2Node_DynamicCast_AsMage, but Mage_2 is pending kill
	Fireball_C /Game/ThirdPersonCPP/Maps/UEDPIE_0_DefaultArena.DefaultArena:PersistentLevel.Fireball_C_23
	Function /Game/ThirdPersonCPP/Fireball.Fireball_C:ExecuteUbergraph_Fireball:0152
[2016.10.28-00.46.16:657][520]PIE:Error: Error Blueprint Runtime Error: Attempted to access Mage_2 via property K2Node_DynamicCast_AsMage, but Mage_2 is pending kill from function: 'ExecuteUbergraph_Fireball' from node: AddActorLocalOffset in graph: EventGraph in object: Fireball with description: Attempted to access Mage_2 via property K2Node_DynamicCast_AsMage, but Mage_2 is pending kill
[2016.10.28-00.46.16:657][520]LogScript:Warning: Attempted to access Mage_2 via property K2Node_DynamicCast_AsMage, but Mage_2 is pending kill
	Fireball_C /Game/ThirdPersonCPP/Maps/UEDPIE_0_DefaultArena.DefaultArena:PersistentLevel.Fireball_C_23
	Function /Game/ThirdPersonCPP/Fireball.Fireball_C:ExecuteUbergraph_Fireball:0152
[2016.10.28-00.46.16:657][520]PIE:Error: Error Blueprint Runtime Error: Attempted to access Mage_2 via property K2Node_DynamicCast_AsMage, but Mage_2 is pending kill from function: 'ExecuteUbergraph_Fireball' from node: AddActorLocalOffset in graph: EventGraph in object: Fireball with description: Attempted to access Mage_2 via property K2Node_DynamicCast_AsMage, but Mage_2 is pending kill
[2016.10.28-00.46.16:657][520]LogScript:Warning: Attempted to access Mage_2 via property K2Node_DynamicCast_AsMage, but Mage_2 is pending kill
	Fireball_C /Game/ThirdPersonCPP/Maps/UEDPIE_0_DefaultArena.DefaultArena:PersistentLevel.Fireball_C_23
	Function /Game/ThirdPersonCPP/Fireball.Fireball_C:ExecuteUbergraph_Fireball:0152
[2016.10.28-00.46.16:657][520]PIE:Error: Error Blueprint Runtime Error: Attempted to access Mage_2 via property K2Node_DynamicCast_AsMage, but Mage_2 is pending kill from function: 'ExecuteUbergraph_Fireball' from node: AddActorLocalOffset in graph: EventGraph in object: Fireball with description: Attempted to access Mage_2 via property K2Node_DynamicCast_AsMage, but Mage_2 is pending kill
[2016.10.28-00.46.16:657][520]LogScript:Warning: Attempted to access Mage_2 via property K2Node_DynamicCast_AsMage, but Mage_2 is pending kill
	Fireball_C /Game/ThirdPersonCPP/Maps/UEDPIE_0_DefaultArena.DefaultArena:PersistentLevel.Fireball_C_23
	Function /Game/ThirdPersonCPP/Fireball.Fireball_C:ExecuteUbergraph_Fireball:0152
[2016.10.28-00.46.16:657][520]PIE:Error: Error Blueprint Runtime Error: Attempted to access Mage_2 via property K2Node_DynamicCast_AsMage, but Mage_2 is pending kill from function: 'ExecuteUbergraph_Fireball' from node: AddActorLocalOffset in graph: EventGraph in object: Fireball with description: Attempted to access Mage_2 via property K2Node_DynamicCast_AsMage, but Mage_2 is pending kill
[2016.10.28-00.46.16:657][520]LogScript:Warning: Attempted to access Mage_2 via property K2Node_DynamicCast_AsMage, but Mage_2 is pending kill
	Fireball_C /Game/ThirdPersonCPP/Maps/UEDPIE_0_DefaultArena.DefaultArena:PersistentLevel.Fireball_C_23
	Function /Game/ThirdPersonCPP/Fireball.Fireball_C:ExecuteUbergraph_Fireball:0152
[2016.10.28-00.46.16:657][520]PIE:Error: Error Blueprint Runtime Error: Attempted to access Mage_2 via property K2Node_DynamicCast_AsMage, but Mage_2 is pending kill from function: 'ExecuteUbergraph_Fireball' from node: AddActorLocalOffset in graph: EventGraph in object: Fireball with description: Attempted to access Mage_2 via property K2Node_DynamicCast_AsMage, but Mage_2 is pending kill
[2016.10.28-00.46.16:657][520]LogScript:Warning: Attempted to access Mage_2 via property K2Node_DynamicCast_AsMage, but Mage_2 is pending kill
	Fireball_C /Game/ThirdPersonCPP/Maps/UEDPIE_0_DefaultArena.DefaultArena:PersistentLevel.Fireball_C_23
	Function /Game/ThirdPersonCPP/Fireball.Fireball_C:ExecuteUbergraph_Fireball:0152
[2016.10.28-00.46.16:657][520]PIE:Error: Error Blueprint Runtime Error: Attempted to access Mage_2 via property K2Node_DynamicCast_AsMage, but Mage_2 is pending kill from function: 'ExecuteUbergraph_Fireball' from node: AddActorLocalOffset in graph: EventGraph in object: Fireball with description: Attempted to access Mage_2 via property K2Node_DynamicCast_AsMage, but Mage_2 is pending kill
[2016.10.28-00.46.16:671][521]LogScript:Warning: Attempted to access Mage_2 via property K2Node_DynamicCast_AsMage, but Mage_2 is pending kill
	Fireball_C /Game/ThirdPersonCPP/Maps/UEDPIE_0_DefaultArena.DefaultArena:PersistentLevel.Fireball_C_23
	Function /Game/ThirdPersonCPP/Fireball.Fireball_C:ExecuteUbergraph_Fireball:0152
[2016.10.28-00.46.16:671][521]PIE:Error: Error Blueprint Runtime Error: Attempted to access Mage_2 via property K2Node_DynamicCast_AsMage, but Mage_2 is pending kill from function: 'ExecuteUbergraph_Fireball' from node: AddActorLocalOffset in graph: EventGraph in object: Fireball with description: Attempted to access Mage_2 via property K2Node_DynamicCast_AsMage, but Mage_2 is pending kill
[2016.10.28-00.46.16:671][521]LogScript:Warning: Attempted to access Mage_2 via property K2Node_DynamicCast_AsMage, but Mage_2 is pending kill
	Fireball_C /Game/ThirdPersonCPP/Maps/UEDPIE_0_DefaultArena.DefaultArena:PersistentLevel.Fireball_C_23
	Function /Game/ThirdPersonCPP/Fireball.Fireball_C:ExecuteUbergraph_Fireball:0152
[2016.10.28-00.46.16:671][521]PIE:Error: Error Blueprint Runtime Error: Attempted to access Mage_2 via property K2Node_DynamicCast_AsMage, but Mage_2 is pending kill from function: 'ExecuteUbergraph_Fireball' from node: AddActorLocalOffset in graph: EventGraph in object: Fireball with description: Attempted to access Mage_2 via property K2Node_DynamicCast_AsMage, but Mage_2 is pending kill
[2016.10.28-00.46.16:671][521]LogScript:Warning: Attempted to access Mage_2 via property K2Node_DynamicCast_AsMage, but Mage_2 is pending kill
	Fireball_C /Game/ThirdPersonCPP/Maps/UEDPIE_0_DefaultArena.DefaultArena:PersistentLevel.Fireball_C_23
	Function /Game/ThirdPersonCPP/Fireball.Fireball_C:ExecuteUbergraph_Fireball:0152
[2016.10.28-00.46.16:671][521]PIE:Error: Error Blueprint Runtime Error: Attempted to access Mage_2 via property K2Node_DynamicCast_AsMage, but Mage_2 is pending kill from function: 'ExecuteUbergraph_Fireball' from node: AddActorLocalOffset in graph: EventGraph in object: Fireball with description: Attempted to access Mage_2 via property K2Node_DynamicCast_AsMage, but Mage_2 is pending kill
[2016.10.28-00.46.16:671][521]LogScript:Warning: Attempted to access Mage_2 via property K2Node_DynamicCast_AsMage, but Mage_2 is pending kill
	Fireball_C /Game/ThirdPersonCPP/Maps/UEDPIE_0_DefaultArena.DefaultArena:PersistentLevel.Fireball_C_23
	Function /Game/ThirdPersonCPP/Fireball.Fireball_C:ExecuteUbergraph_Fireball:0152
[2016.10.28-00.46.16:671][521]PIE:Error: Error Blueprint Runtime Error: Attempted to access Mage_2 via property K2Node_DynamicCast_AsMage, but Mage_2 is pending kill from function: 'ExecuteUbergraph_Fireball' from node: AddActorLocalOffset in graph: EventGraph in object: Fireball with description: Attempted to access Mage_2 via property K2Node_DynamicCast_AsMage, but Mage_2 is pending kill
[2016.10.28-00.46.16:671][521]LogScript:Warning: Attempted to access Mage_2 via property K2Node_DynamicCast_AsMage, but Mage_2 is pending kill
	Fireball_C /Game/ThirdPersonCPP/Maps/UEDPIE_0_DefaultArena.DefaultArena:PersistentLevel.Fireball_C_23
	Function /Game/ThirdPersonCPP/Fireball.Fireball_C:ExecuteUbergraph_Fireball:0152
[2016.10.28-00.46.16:671][521]PIE:Error: Error Blueprint Runtime Error: Attempted to access Mage_2 via property K2Node_DynamicCast_AsMage, but Mage_2 is pending kill from function: 'ExecuteUbergraph_Fireball' from node: AddActorLocalOffset in graph: EventGraph in object: Fireball with description: Attempted to access Mage_2 via property K2Node_DynamicCast_AsMage, but Mage_2 is pending kill
[2016.10.28-00.46.16:671][521]LogScript:Warning: Attempted to access Mage_2 via property K2Node_DynamicCast_AsMage, but Mage_2 is pending kill
	Fireball_C /Game/ThirdPersonCPP/Maps/UEDPIE_0_DefaultArena.DefaultArena:PersistentLevel.Fireball_C_23
	Function /Game/ThirdPersonCPP/Fireball.Fireball_C:ExecuteUbergraph_Fireball:0152
[2016.10.28-00.46.16:671][521]PIE:Error: Error Blueprint Runtime Error: Attempted to access Mage_2 via property K2Node_DynamicCast_AsMage, but Mage_2 is pending kill from function: 'ExecuteUbergraph_Fireball' from node: AddActorLocalOffset in graph: EventGraph in object: Fireball with description: Attempted to access Mage_2 via property K2Node_DynamicCast_AsMage, but Mage_2 is pending kill
[2016.10.28-00.46.16:671][521]LogScript:Warning: Attempted to access Mage_2 via property K2Node_DynamicCast_AsMage, but Mage_2 is pending kill
	Fireball_C /Game/ThirdPersonCPP/Maps/UEDPIE_0_DefaultArena.DefaultArena:PersistentLevel.Fireball_C_23
	Function /Game/ThirdPersonCPP/Fireball.Fireball_C:ExecuteUbergraph_Fireball:0152
[2016.10.28-00.46.16:671][521]PIE:Error: Error Blueprint Runtime Error: Attempted to access Mage_2 via property K2Node_DynamicCast_AsMage, but Mage_2 is pending kill from function: 'ExecuteUbergraph_Fireball' from node: AddActorLocalOffset in graph: EventGraph in object: Fireball with description: Attempted to access Mage_2 via property K2Node_DynamicCast_AsMage, but Mage_2 is pending kill
[2016.10.28-00.46.16:671][521]LogScript:Warning: Attempted to access Mage_2 via property K2Node_DynamicCast_AsMage, but Mage_2 is pending kill
	Fireball_C /Game/ThirdPersonCPP/Maps/UEDPIE_0_DefaultArena.DefaultArena:PersistentLevel.Fireball_C_23
	Function /Game/ThirdPersonCPP/Fireball.Fireball_C:ExecuteUbergraph_Fireball:0152
[2016.10.28-00.46.16:672][521]PIE:Error: Error Blueprint Runtime Error: Attempted to access Mage_2 via property K2Node_DynamicCast_AsMage, but Mage_2 is pending kill from function: 'ExecuteUbergraph_Fireball' from node: AddActorLocalOffset in graph: EventGraph in object: Fireball with description: Attempted to access Mage_2 via property K2Node_DynamicCast_AsMage, but Mage_2 is pending kill
[2016.10.28-00.46.16:672][521]PIE:Error: Error Blueprint Runtime Error: Attempted to access Mage_2 via property K2Node_DynamicCast_AsMage, but Mage_2 is pending kill from function: 'ExecuteUbergraph_Fireball' from node: AddActorLocalOffset in graph: EventGraph in object: Fireball with description: Attempted to access Mage_2 via property K2Node_DynamicCast_AsMage, but Mage_2 is pending kill
[2016.10.28-00.46.16:672][521]PIE:Error: Error Blueprint Runtime Error: Attempted to access Mage_2 via property K2Node_DynamicCast_AsMage, but Mage_2 is pending kill from function: 'ExecuteUbergraph_Fireball' from node: AddActorLocalOffset in graph: EventGraph in object: Fireball with description: Attempted to access Mage_2 via property K2Node_DynamicCast_AsMage, but Mage_2 is pending kill
[2016.10.28-00.46.16:719][522]PIE:Error: Error Blueprint Runtime Error: Attempted to access Mage_2 via property K2Node_DynamicCast_AsMage, but Mage_2 is pending kill from function: 'ExecuteUbergraph_Fireball' from node: AddActorLocalOffset in graph: EventGraph in object: Fireball with description: Attempted to access Mage_2 via property K2Node_DynamicCast_AsMage, but Mage_2 is pending kill
[2016.10.28-00.46.16:720][522]PIE:Error: Error Blueprint Runtime Error: Attempted to access Mage_2 via property K2Node_DynamicCast_AsMage, but Mage_2 is pending kill from function: 'ExecuteUbergraph_Fireball' from node: AddActorLocalOffset in graph: EventGraph in object: Fireball with description: Attempted to access Mage_2 via property K2Node_DynamicCast_AsMage, but Mage_2 is pending kill
[2016.10.28-00.46.16:720][522]PIE:Error: Error Blueprint Runtime Error: Attempted to access Mage_2 via property K2Node_DynamicCast_AsMage, but Mage_2 is pending kill from function: 'ExecuteUbergraph_Fireball' from node: AddActorLocalOffset in graph: EventGraph in object: Fireball with description: Attempted to access Mage_2 via property K2Node_DynamicCast_AsMage, but Mage_2 is pending kill
[2016.10.28-00.46.16:720][522]PIE:Error: Error Blueprint Runtime Error: Attempted to access Mage_2 via property K2Node_DynamicCast_AsMage, but Mage_2 is pending kill from function: 'ExecuteUbergraph_Fireball' from node: AddActorLocalOffset in graph: EventGraph in object: Fireball with description: Attempted to access Mage_2 via property K2Node_DynamicCast_AsMage, but Mage_2 is pending kill
[2016.10.28-00.46.16:720][522]PIE:Error: Error Blueprint Runtime Error: Attempted to access Mage_2 via property K2Node_DynamicCast_AsMage, but Mage_2 is pending kill from function: 'ExecuteUbergraph_Fireball' from node: AddActorLocalOffset in graph: EventGraph in object: Fireball with description: Attempted to access Mage_2 via property K2Node_DynamicCast_AsMage, but Mage_2 is pending kill
[2016.10.28-00.46.16:720][522]PIE:Error: Error Blueprint Runtime Error: Attempted to access Mage_2 via property K2Node_DynamicCast_AsMage, but Mage_2 is pending kill from function: 'ExecuteUbergraph_Fireball' from node: AddActorLocalOffset in graph: EventGraph in object: Fireball with description: Attempted to access Mage_2 via property K2Node_DynamicCast_AsMage, but Mage_2 is pending kill
[2016.10.28-00.46.16:720][522]PIE:Error: Error Blueprint Runtime Error: Attempted to access Mage_2 via property K2Node_DynamicCast_AsMage, but Mage_2 is pending kill from function: 'ExecuteUbergraph_Fireball' from node: AddActorLocalOffset in graph: EventGraph in object: Fireball with description: Attempted to access Mage_2 via property K2Node_DynamicCast_AsMage, but Mage_2 is pending kill
[2016.10.28-00.46.16:720][522]PIE:Error: Error Blueprint Runtime Error: Attempted to access Mage_2 via property K2Node_DynamicCast_AsMage, but Mage_2 is pending kill from function: 'ExecuteUbergraph_Fireball' from node: AddActorLocalOffset in graph: EventGraph in object: Fireball with description: Attempted to access Mage_2 via property K2Node_DynamicCast_AsMage, but Mage_2 is pending kill
[2016.10.28-00.46.16:720][522]PIE:Error: Error Blueprint Runtime Error: Attempted to access Mage_2 via property K2Node_DynamicCast_AsMage, but Mage_2 is pending kill from function: 'ExecuteUbergraph_Fireball' from node: AddActorLocalOffset in graph: EventGraph in object: Fireball with description: Attempted to access Mage_2 via property K2Node_DynamicCast_AsMage, but Mage_2 is pending kill
[2016.10.28-00.46.16:720][522]PIE:Error: Error Blueprint Runtime Error: Attempted to access Mage_2 via property K2Node_DynamicCast_AsMage, but Mage_2 is pending kill from function: 'ExecuteUbergraph_Fireball' from node: AddActorLocalOffset in graph: EventGraph in object: Fireball with description: Attempted to access Mage_2 via property K2Node_DynamicCast_AsMage, but Mage_2 is pending kill
[2016.10.28-00.46.16:768][523]PIE:Error: Error Blueprint Runtime Error: Attempted to access Mage_2 via property K2Node_DynamicCast_AsMage, but Mage_2 is pending kill from function: 'ExecuteUbergraph_Fireball' from node: AddActorLocalOffset in graph: EventGraph in object: Fireball with description: Attempted to access Mage_2 via property K2Node_DynamicCast_AsMage, but Mage_2 is pending kill
[2016.10.28-00.46.16:768][523]PIE:Error: Error Blueprint Runtime Error: Attempted to access Mage_2 via property K2Node_DynamicCast_AsMage, but Mage_2 is pending kill from function: 'ExecuteUbergraph_Fireball' from node: AddActorLocalOffset in graph: EventGraph in object: Fireball with description: Attempted to access Mage_2 via property K2Node_DynamicCast_AsMage, but Mage_2 is pending kill
[2016.10.28-00.46.16:768][523]PIE:Error: Error Blueprint Runtime Error: Attempted to access Mage_2 via property K2Node_DynamicCast_AsMage, but Mage_2 is pending kill from function: 'ExecuteUbergraph_Fireball' from node: AddActorLocalOffset in graph: EventGraph in object: Fireball with description: Attempted to access Mage_2 via property K2Node_DynamicCast_AsMage, but Mage_2 is pending kill
[2016.10.28-00.46.16:768][523]PIE:Error: Error Blueprint Runtime Error: Attempted to access Mage_2 via property K2Node_DynamicCast_AsMage, but Mage_2 is pending kill from function: 'ExecuteUbergraph_Fireball' from node: AddActorLocalOffset in graph: EventGraph in object: Fireball with description: Attempted to access Mage_2 via property K2Node_DynamicCast_AsMage, but Mage_2 is pending kill
[2016.10.28-00.46.16:768][523]PIE:Error: Error Blueprint Runtime Error: Attempted to access Mage_2 via property K2Node_DynamicCast_AsMage, but Mage_2 is pending kill from function: 'ExecuteUbergraph_Fireball' from node: AddActorLocalOffset in graph: EventGraph in object: Fireball with description: Attempted to access Mage_2 via property K2Node_DynamicCast_AsMage, but Mage_2 is pending kill
[2016.10.28-00.46.16:768][523]PIE:Error: Error Blueprint Runtime Error: Attempted to access Mage_2 via property K2Node_DynamicCast_AsMage, but Mage_2 is pending kill from function: 'ExecuteUbergraph_Fireball' from node: AddActorLocalOffset in graph: EventGraph in object: Fireball with description: Attempted to access Mage_2 via property K2Node_DynamicCast_AsMage, but Mage_2 is pending kill
[2016.10.28-00.46.16:768][523]PIE:Error: Error Blueprint Runtime Error: Attempted to access Mage_2 via property K2Node_DynamicCast_AsMage, but Mage_2 is pending kill from function: 'ExecuteUbergraph_Fireball' from node: AddActorLocalOffset in graph: EventGraph in object: Fireball with description: Attempted to access Mage_2 via property K2Node_DynamicCast_AsMage, but Mage_2 is pending kill
[2016.10.28-00.46.16:768][523]PIE:Error: Error Blueprint Runtime Error: Attempted to access Mage_2 via property K2Node_DynamicCast_AsMage, but Mage_2 is pending kill from function: 'ExecuteUbergraph_Fireball' from node: AddActorLocalOffset in graph: EventGraph in object: Fireball with description: Attempted to access Mage_2 via property K2Node_DynamicCast_AsMage, but Mage_2 is pending kill
[2016.10.28-00.46.16:768][523]PIE:Error: Error Blueprint Runtime Error: Attempted to access Mage_2 via property K2Node_DynamicCast_AsMage, but Mage_2 is pending kill from function: 'ExecuteUbergraph_Fireball' from node: AddActorLocalOffset in graph: EventGraph in object: Fireball with description: Attempted to access Mage_2 via property K2Node_DynamicCast_AsMage, but Mage_2 is pending kill
[2016.10.28-00.46.16:768][523]PIE:Error: Error Blueprint Runtime Error: Attempted to access Mage_2 via property K2Node_DynamicCast_AsMage, but Mage_2 is pending kill from function: 'ExecuteUbergraph_Fireball' from node: AddActorLocalOffset in graph: EventGraph in object: Fireball with description: Attempted to access Mage_2 via property K2Node_DynamicCast_AsMage, but Mage_2 is pending kill
[2016.10.28-00.46.16:817][524]PIE:Error: Error Blueprint Runtime Error: Attempted to access Mage_2 via property K2Node_DynamicCast_AsMage, but Mage_2 is pending kill from function: 'ExecuteUbergraph_Fireball' from node: AddActorLocalOffset in graph: EventGraph in object: Fireball with description: Attempted to access Mage_2 via property K2Node_DynamicCast_AsMage, but Mage_2 is pending kill
[2016.10.28-00.46.16:817][524]PIE:Error: Error Blueprint Runtime Error: Attempted to access Mage_2 via property K2Node_DynamicCast_AsMage, but Mage_2 is pending kill from function: 'ExecuteUbergraph_Fireball' from node: AddActorLocalOffset in graph: EventGraph in object: Fireball with description: Attempted to access Mage_2 via property K2Node_DynamicCast_AsMage, but Mage_2 is pending kill
[2016.10.28-00.46.16:817][524]PIE:Error: Error Blueprint Runtime Error: Attempted to access Mage_2 via property K2Node_DynamicCast_AsMage, but Mage_2 is pending kill from function: 'ExecuteUbergraph_Fireball' from node: AddActorLocalOffset in graph: EventGraph in object: Fireball with description: Attempted to access Mage_2 via property K2Node_DynamicCast_AsMage, but Mage_2 is pending kill
[2016.10.28-00.46.16:817][524]PIE:Error: Error Blueprint Runtime Error: Attempted to access Mage_2 via property K2Node_DynamicCast_AsMage, but Mage_2 is pending kill from function: 'ExecuteUbergraph_Fireball' from node: AddActorLocalOffset in graph: EventGraph in object: Fireball with description: Attempted to access Mage_2 via property K2Node_DynamicCast_AsMage, but Mage_2 is pending kill
[2016.10.28-00.46.16:817][524]PIE:Error: Error Blueprint Runtime Error: Attempted to access Mage_2 via property K2Node_DynamicCast_AsMage, but Mage_2 is pending kill from function: 'ExecuteUbergraph_Fireball' from node: AddActorLocalOffset in graph: EventGraph in object: Fireball with description: Attempted to access Mage_2 via property K2Node_DynamicCast_AsMage, but Mage_2 is pending kill
[2016.10.28-00.46.16:817][524]PIE:Error: Error Blueprint Runtime Error: Attempted to access Mage_2 via property K2Node_DynamicCast_AsMage, but Mage_2 is pending kill from function: 'ExecuteUbergraph_Fireball' from node: AddActorLocalOffset in graph: EventGraph in object: Fireball with description: Attempted to access Mage_2 via property K2Node_DynamicCast_AsMage, but Mage_2 is pending kill
[2016.10.28-00.46.16:817][524]PIE:Error: Error Blueprint Runtime Error: Attempted to access Mage_2 via property K2Node_DynamicCast_AsMage, but Mage_2 is pending kill from function: 'ExecuteUbergraph_Fireball' from node: AddActorLocalOffset in graph: EventGraph in object: Fireball with description: Attempted to access Mage_2 via property K2Node_DynamicCast_AsMage, but Mage_2 is pending kill
[2016.10.28-00.46.16:818][524]PIE:Error: Error Blueprint Runtime Error: Attempted to access Mage_2 via property K2Node_DynamicCast_AsMage, but Mage_2 is pending kill from function: 'ExecuteUbergraph_Fireball' from node: AddActorLocalOffset in graph: EventGraph in object: Fireball with description: Attempted to access Mage_2 via property K2Node_DynamicCast_AsMage, but Mage_2 is pending kill
[2016.10.28-00.46.16:818][524]PIE:Error: Error Blueprint Runtime Error: Attempted to access Mage_2 via property K2Node_DynamicCast_AsMage, but Mage_2 is pending kill from function: 'ExecuteUbergraph_Fireball' from node: AddActorLocalOffset in graph: EventGraph in object: Fireball with description: Attempted to access Mage_2 via property K2Node_DynamicCast_AsMage, but Mage_2 is pending kill
[2016.10.28-00.46.16:818][524]PIE:Error: Error Blueprint Runtime Error: Attempted to access Mage_2 via property K2Node_DynamicCast_AsMage, but Mage_2 is pending kill from function: 'ExecuteUbergraph_Fireball' from node: AddActorLocalOffset in graph: EventGraph in object: Fireball with description: Attempted to access Mage_2 via property K2Node_DynamicCast_AsMage, but Mage_2 is pending kill
[2016.10.28-00.46.16:867][525]PIE:Error: Error Blueprint Runtime Error: Attempted to access Mage_2 via property K2Node_DynamicCast_AsMage, but Mage_2 is pending kill from function: 'ExecuteUbergraph_Fireball' from node: AddActorLocalOffset in graph: EventGraph in object: Fireball with description: Attempted to access Mage_2 via property K2Node_DynamicCast_AsMage, but Mage_2 is pending kill
[2016.10.28-00.46.16:867][525]PIE:Error: Error Blueprint Runtime Error: Attempted to access Mage_2 via property K2Node_DynamicCast_AsMage, but Mage_2 is pending kill from function: 'ExecuteUbergraph_Fireball' from node: AddActorLocalOffset in graph: EventGraph in object: Fireball with description: Attempted to access Mage_2 via property K2Node_DynamicCast_AsMage, but Mage_2 is pending kill
[2016.10.28-00.46.16:867][525]PIE:Error: Error Blueprint Runtime Error: Attempted to access Mage_2 via property K2Node_DynamicCast_AsMage, but Mage_2 is pending kill from function: 'ExecuteUbergraph_Fireball' from node: AddActorLocalOffset in graph: EventGraph in object: Fireball with description: Attempted to access Mage_2 via property K2Node_DynamicCast_AsMage, but Mage_2 is pending kill
[2016.10.28-00.46.16:867][525]PIE:Error: Error Blueprint Runtime Error: Attempted to access Mage_2 via property K2Node_DynamicCast_AsMage, but Mage_2 is pending kill from function: 'ExecuteUbergraph_Fireball' from node: AddActorLocalOffset in graph: EventGraph in object: Fireball with description: Attempted to access Mage_2 via property K2Node_DynamicCast_AsMage, but Mage_2 is pending kill
[2016.10.28-00.46.16:867][525]PIE:Error: Error Blueprint Runtime Error: Attempted to access Mage_2 via property K2Node_DynamicCast_AsMage, but Mage_2 is pending kill from function: 'ExecuteUbergraph_Fireball' from node: AddActorLocalOffset in graph: EventGraph in object: Fireball with description: Attempted to access Mage_2 via property K2Node_DynamicCast_AsMage, but Mage_2 is pending kill
[2016.10.28-00.46.16:867][525]PIE:Error: Error Blueprint Runtime Error: Attempted to access Mage_2 via property K2Node_DynamicCast_AsMage, but Mage_2 is pending kill from function: 'ExecuteUbergraph_Fireball' from node: AddActorLocalOffset in graph: EventGraph in object: Fireball with description: Attempted to access Mage_2 via property K2Node_DynamicCast_AsMage, but Mage_2 is pending kill
[2016.10.28-00.46.16:867][525]PIE:Error: Error Blueprint Runtime Error: Attempted to access Mage_2 via property K2Node_DynamicCast_AsMage, but Mage_2 is pending kill from function: 'ExecuteUbergraph_Fireball' from node: AddActorLocalOffset in graph: EventGraph in object: Fireball with description: Attempted to access Mage_2 via property K2Node_DynamicCast_AsMage, but Mage_2 is pending kill
[2016.10.28-00.46.16:867][525]PIE:Error: Error Blueprint Runtime Error: Attempted to access Mage_2 via property K2Node_DynamicCast_AsMage, but Mage_2 is pending kill from function: 'ExecuteUbergraph_Fireball' from node: AddActorLocalOffset in graph: EventGraph in object: Fireball with description: Attempted to access Mage_2 via property K2Node_DynamicCast_AsMage, but Mage_2 is pending kill
[2016.10.28-00.46.16:867][525]PIE:Error: Error Blueprint Runtime Error: Attempted to access Mage_2 via property K2Node_DynamicCast_AsMage, but Mage_2 is pending kill from function: 'ExecuteUbergraph_Fireball' from node: AddActorLocalOffset in graph: EventGraph in object: Fireball with description: Attempted to access Mage_2 via property K2Node_DynamicCast_AsMage, but Mage_2 is pending kill
[2016.10.28-00.46.16:915][526]PIE:Error: Error Blueprint Runtime Error: Attempted to access Mage_2 via property K2Node_DynamicCast_AsMage, but Mage_2 is pending kill from function: 'ExecuteUbergraph_Fireball' from node: AddActorLocalOffset in graph: EventGraph in object: Fireball with description: Attempted to access Mage_2 via property K2Node_DynamicCast_AsMage, but Mage_2 is pending kill
[2016.10.28-00.46.16:915][526]PIE:Error: Error Blueprint Runtime Error: Attempted to access Mage_2 via property K2Node_DynamicCast_AsMage, but Mage_2 is pending kill from function: 'ExecuteUbergraph_Fireball' from node: AddActorLocalOffset in graph: EventGraph in object: Fireball with description: Attempted to access Mage_2 via property K2Node_DynamicCast_AsMage, but Mage_2 is pending kill
[2016.10.28-00.46.16:916][526]PIE:Error: Error Blueprint Runtime Error: Attempted to access Mage_2 via property K2Node_DynamicCast_AsMage, but Mage_2 is pending kill from function: 'ExecuteUbergraph_Fireball' from node: AddActorLocalOffset in graph: EventGraph in object: Fireball with description: Attempted to access Mage_2 via property K2Node_DynamicCast_AsMage, but Mage_2 is pending kill
[2016.10.28-00.46.16:916][526]PIE:Error: Error Blueprint Runtime Error: Attempted to access Mage_2 via property K2Node_DynamicCast_AsMage, but Mage_2 is pending kill from function: 'ExecuteUbergraph_Fireball' from node: AddActorLocalOffset in graph: EventGraph in object: Fireball with description: Attempted to access Mage_2 via property K2Node_DynamicCast_AsMage, but Mage_2 is pending kill
[2016.10.28-00.46.16:916][526]PIE:Error: Error Blueprint Runtime Error: Attempted to access Mage_2 via property K2Node_DynamicCast_AsMage, but Mage_2 is pending kill from function: 'ExecuteUbergraph_Fireball' from node: AddActorLocalOffset in graph: EventGraph in object: Fireball with description: Attempted to access Mage_2 via property K2Node_DynamicCast_AsMage, but Mage_2 is pending kill
[2016.10.28-00.46.16:916][526]PIE:Error: Error Blueprint Runtime Error: Attempted to access Mage_2 via property K2Node_DynamicCast_AsMage, but Mage_2 is pending kill from function: 'ExecuteUbergraph_Fireball' from node: AddActorLocalOffset in graph: EventGraph in object: Fireball with description: Attempted to access Mage_2 via property K2Node_DynamicCast_AsMage, but Mage_2 is pending kill
[2016.10.28-00.46.16:916][526]PIE:Error: Error Blueprint Runtime Error: Attempted to access Mage_2 via property K2Node_DynamicCast_AsMage, but Mage_2 is pending kill from function: 'ExecuteUbergraph_Fireball' from node: AddActorLocalOffset in graph: EventGraph in object: Fireball with description: Attempted to access Mage_2 via property K2Node_DynamicCast_AsMage, but Mage_2 is pending kill
[2016.10.28-00.46.16:916][526]PIE:Error: Error Blueprint Runtime Error: Attempted to access Mage_2 via property K2Node_DynamicCast_AsMage, but Mage_2 is pending kill from function: 'ExecuteUbergraph_Fireball' from node: AddActorLocalOffset in graph: EventGraph in object: Fireball with description: Attempted to access Mage_2 via property K2Node_DynamicCast_AsMage, but Mage_2 is pending kill
[2016.10.28-00.46.16:916][526]PIE:Error: Error Blueprint Runtime Error: Attempted to access Mage_2 via property K2Node_DynamicCast_AsMage, but Mage_2 is pending kill from function: 'ExecuteUbergraph_Fireball' from node: AddActorLocalOffset in graph: EventGraph in object: Fireball with description: Attempted to access Mage_2 via property K2Node_DynamicCast_AsMage, but Mage_2 is pending kill
[2016.10.28-00.46.16:916][526]PIE:Error: Error Blueprint Runtime Error: Attempted to access Mage_2 via property K2Node_DynamicCast_AsMage, but Mage_2 is pending kill from function: 'ExecuteUbergraph_Fireball' from node: AddActorLocalOffset in graph: EventGraph in object: Fireball with description: Attempted to access Mage_2 via property K2Node_DynamicCast_AsMage, but Mage_2 is pending kill
[2016.10.28-00.46.16:965][527]PIE:Error: Error Blueprint Runtime Error: Attempted to access Mage_2 via property K2Node_DynamicCast_AsMage, but Mage_2 is pending kill from function: 'ExecuteUbergraph_Fireball' from node: AddActorLocalOffset in graph: EventGraph in object: Fireball with description: Attempted to access Mage_2 via property K2Node_DynamicCast_AsMage, but Mage_2 is pending kill
[2016.10.28-00.46.16:965][527]PIE:Error: Error Blueprint Runtime Error: Attempted to access Mage_2 via property K2Node_DynamicCast_AsMage, but Mage_2 is pending kill from function: 'ExecuteUbergraph_Fireball' from node: AddActorLocalOffset in graph: EventGraph in object: Fireball with description: Attempted to access Mage_2 via property K2Node_DynamicCast_AsMage, but Mage_2 is pending kill
[2016.10.28-00.46.16:965][527]PIE:Error: Error Blueprint Runtime Error: Attempted to access Mage_2 via property K2Node_DynamicCast_AsMage, but Mage_2 is pending kill from function: 'ExecuteUbergraph_Fireball' from node: AddActorLocalOffset in graph: EventGraph in object: Fireball with description: Attempted to access Mage_2 via property K2Node_DynamicCast_AsMage, but Mage_2 is pending kill
[2016.10.28-00.46.16:965][527]PIE:Error: Error Blueprint Runtime Error: Attempted to access Mage_2 via property K2Node_DynamicCast_AsMage, but Mage_2 is pending kill from function: 'ExecuteUbergraph_Fireball' from node: AddActorLocalOffset in graph: EventGraph in object: Fireball with description: Attempted to access Mage_2 via property K2Node_DynamicCast_AsMage, but Mage_2 is pending kill
[2016.10.28-00.46.16:965][527]PIE:Error: Error Blueprint Runtime Error: Attempted to access Mage_2 via property K2Node_DynamicCast_AsMage, but Mage_2 is pending kill from function: 'ExecuteUbergraph_Fireball' from node: AddActorLocalOffset in graph: EventGraph in object: Fireball with description: Attempted to access Mage_2 via property K2Node_DynamicCast_AsMage, but Mage_2 is pending kill
[2016.10.28-00.46.16:966][527]PIE:Error: Error Blueprint Runtime Error: Attempted to access Mage_2 via property K2Node_DynamicCast_AsMage, but Mage_2 is pending kill from function: 'ExecuteUbergraph_Fireball' from node: AddActorLocalOffset in graph: EventGraph in object: Fireball with description: Attempted to access Mage_2 via property K2Node_DynamicCast_AsMage, but Mage_2 is pending kill
[2016.10.28-00.46.16:966][527]PIE:Error: Error Blueprint Runtime Error: Attempted to access Mage_2 via property K2Node_DynamicCast_AsMage, but Mage_2 is pending kill from function: 'ExecuteUbergraph_Fireball' from node: AddActorLocalOffset in graph: EventGraph in object: Fireball with description: Attempted to access Mage_2 via property K2Node_DynamicCast_AsMage, but Mage_2 is pending kill
[2016.10.28-00.46.16:966][527]PIE:Error: Error Blueprint Runtime Error: Attempted to access Mage_2 via property K2Node_DynamicCast_AsMage, but Mage_2 is pending kill from function: 'ExecuteUbergraph_Fireball' from node: AddActorLocalOffset in graph: EventGraph in object: Fireball with description: Attempted to access Mage_2 via property K2Node_DynamicCast_AsMage, but Mage_2 is pending kill
[2016.10.28-00.46.16:966][527]PIE:Error: Error Blueprint Runtime Error: Attempted to access Mage_2 via property K2Node_DynamicCast_AsMage, but Mage_2 is pending kill from function: 'ExecuteUbergraph_Fireball' from node: AddActorLocalOffset in graph: EventGraph in object: Fireball with description: Attempted to access Mage_2 via property K2Node_DynamicCast_AsMage, but Mage_2 is pending kill
[2016.10.28-00.46.16:966][527]PIE:Error: Error Blueprint Runtime Error: Attempted to access Mage_2 via property K2Node_DynamicCast_AsMage, but Mage_2 is pending kill from function: 'ExecuteUbergraph_Fireball' from node: AddActorLocalOffset in graph: EventGraph in object: Fireball with description: Attempted to access Mage_2 via property K2Node_DynamicCast_AsMage, but Mage_2 is pending kill
[2016.10.28-00.46.17:014][528]PIE:Error: Error Blueprint Runtime Error: Attempted to access Mage_2 via property K2Node_DynamicCast_AsMage, but Mage_2 is pending kill from function: 'ExecuteUbergraph_Fireball' from node: AddActorLocalOffset in graph: EventGraph in object: Fireball with description: Attempted to access Mage_2 via property K2Node_DynamicCast_AsMage, but Mage_2 is pending kill
[2016.10.28-00.46.17:014][528]PIE:Error: Error Blueprint Runtime Error: Attempted to access Mage_2 via property K2Node_DynamicCast_AsMage, but Mage_2 is pending kill from function: 'ExecuteUbergraph_Fireball' from node: AddActorLocalOffset in graph: EventGraph in object: Fireball with description: Attempted to access Mage_2 via property K2Node_DynamicCast_AsMage, but Mage_2 is pending kill
[2016.10.28-00.46.17:014][528]PIE:Error: Error Blueprint Runtime Error: Attempted to access Mage_2 via property K2Node_DynamicCast_AsMage, but Mage_2 is pending kill from function: 'ExecuteUbergraph_Fireball' from node: AddActorLocalOffset in graph: EventGraph in object: Fireball with description: Attempted to access Mage_2 via property K2Node_DynamicCast_AsMage, but Mage_2 is pending kill
[2016.10.28-00.46.17:014][528]PIE:Error: Error Blueprint Runtime Error: Attempted to access Mage_2 via property K2Node_DynamicCast_AsMage, but Mage_2 is pending kill from function: 'ExecuteUbergraph_Fireball' from node: AddActorLocalOffset in graph: EventGraph in object: Fireball with description: Attempted to access Mage_2 via property K2Node_DynamicCast_AsMage, but Mage_2 is pending kill
[2016.10.28-00.46.17:014][528]PIE:Error: Error Blueprint Runtime Error: Attempted to access Mage_2 via property K2Node_DynamicCast_AsMage, but Mage_2 is pending kill from function: 'ExecuteUbergraph_Fireball' from node: AddActorLocalOffset in graph: EventGraph in object: Fireball with description: Attempted to access Mage_2 via property K2Node_DynamicCast_AsMage, but Mage_2 is pending kill
[2016.10.28-00.46.17:014][528]PIE:Error: Error Blueprint Runtime Error: Attempted to access Mage_2 via property K2Node_DynamicCast_AsMage, but Mage_2 is pending kill from function: 'ExecuteUbergraph_Fireball' from node: AddActorLocalOffset in graph: EventGraph in object: Fireball with description: Attempted to access Mage_2 via property K2Node_DynamicCast_AsMage, but Mage_2 is pending kill
[2016.10.28-00.46.17:014][528]PIE:Error: Error Blueprint Runtime Error: Attempted to access Mage_2 via property K2Node_DynamicCast_AsMage, but Mage_2 is pending kill from function: 'ExecuteUbergraph_Fireball' from node: AddActorLocalOffset in graph: EventGraph in object: Fireball with description: Attempted to access Mage_2 via property K2Node_DynamicCast_AsMage, but Mage_2 is pending kill
[2016.10.28-00.46.17:014][528]PIE:Error: Error Blueprint Runtime Error: Attempted to access Mage_2 via property K2Node_DynamicCast_AsMage, but Mage_2 is pending kill from function: 'ExecuteUbergraph_Fireball' from node: AddActorLocalOffset in graph: EventGraph in object: Fireball with description: Attempted to access Mage_2 via property K2Node_DynamicCast_AsMage, but Mage_2 is pending kill
[2016.10.28-00.46.17:014][528]PIE:Error: Error Blueprint Runtime Error: Attempted to access Mage_2 via property K2Node_DynamicCast_AsMage, but Mage_2 is pending kill from function: 'ExecuteUbergraph_Fireball' from node: AddActorLocalOffset in graph: EventGraph in object: Fireball with description: Attempted to access Mage_2 via property K2Node_DynamicCast_AsMage, but Mage_2 is pending kill
[2016.10.28-00.46.17:015][528]PIE:Error: Error Blueprint Runtime Error: Attempted to access Mage_2 via property K2Node_DynamicCast_AsMage, but Mage_2 is pending kill from function: 'ExecuteUbergraph_Fireball' from node: AddActorLocalOffset in graph: EventGraph in object: Fireball with description: Attempted to access Mage_2 via property K2Node_DynamicCast_AsMage, but Mage_2 is pending kill
[2016.10.28-00.46.17:063][529]PIE:Error: Error Blueprint Runtime Error: Attempted to access Mage_2 via property K2Node_DynamicCast_AsMage, but Mage_2 is pending kill from function: 'ExecuteUbergraph_Fireball' from node: AddActorLocalOffset in graph: EventGraph in object: Fireball with description: Attempted to access Mage_2 via property K2Node_DynamicCast_AsMage, but Mage_2 is pending kill
[2016.10.28-00.46.17:063][529]PIE:Error: Error Blueprint Runtime Error: Attempted to access Mage_2 via property K2Node_DynamicCast_AsMage, but Mage_2 is pending kill from function: 'ExecuteUbergraph_Fireball' from node: AddActorLocalOffset in graph: EventGraph in object: Fireball with description: Attempted to access Mage_2 via property K2Node_DynamicCast_AsMage, but Mage_2 is pending kill
[2016.10.28-00.46.17:063][529]PIE:Error: Error Blueprint Runtime Error: Attempted to access Mage_2 via property K2Node_DynamicCast_AsMage, but Mage_2 is pending kill from function: 'ExecuteUbergraph_Fireball' from node: AddActorLocalOffset in graph: EventGraph in object: Fireball with description: Attempted to access Mage_2 via property K2Node_DynamicCast_AsMage, but Mage_2 is pending kill
[2016.10.28-00.46.17:063][529]PIE:Error: Error Blueprint Runtime Error: Attempted to access Mage_2 via property K2Node_DynamicCast_AsMage, but Mage_2 is pending kill from function: 'ExecuteUbergraph_Fireball' from node: AddActorLocalOffset in graph: EventGraph in object: Fireball with description: Attempted to access Mage_2 via property K2Node_DynamicCast_AsMage, but Mage_2 is pending kill
[2016.10.28-00.46.17:063][529]PIE:Error: Error Blueprint Runtime Error: Attempted to access Mage_2 via property K2Node_DynamicCast_AsMage, but Mage_2 is pending kill from function: 'ExecuteUbergraph_Fireball' from node: AddActorLocalOffset in graph: EventGraph in object: Fireball with description: Attempted to access Mage_2 via property K2Node_DynamicCast_AsMage, but Mage_2 is pending kill
[2016.10.28-00.46.17:063][529]PIE:Error: Error Blueprint Runtime Error: Attempted to access Mage_2 via property K2Node_DynamicCast_AsMage, but Mage_2 is pending kill from function: 'ExecuteUbergraph_Fireball' from node: AddActorLocalOffset in graph: EventGraph in object: Fireball with description: Attempted to access Mage_2 via property K2Node_DynamicCast_AsMage, but Mage_2 is pending kill
[2016.10.28-00.46.17:063][529]PIE:Error: Error Blueprint Runtime Error: Attempted to access Mage_2 via property K2Node_DynamicCast_AsMage, but Mage_2 is pending kill from function: 'ExecuteUbergraph_Fireball' from node: AddActorLocalOffset in graph: EventGraph in object: Fireball with description: Attempted to access Mage_2 via property K2Node_DynamicCast_AsMage, but Mage_2 is pending kill
[2016.10.28-00.46.17:063][529]PIE:Error: Error Blueprint Runtime Error: Attempted to access Mage_2 via property K2Node_DynamicCast_AsMage, but Mage_2 is pending kill from function: 'ExecuteUbergraph_Fireball' from node: AddActorLocalOffset in graph: EventGraph in object: Fireball with description: Attempted to access Mage_2 via property K2Node_DynamicCast_AsMage, but Mage_2 is pending kill
[2016.10.28-00.46.17:063][529]PIE:Error: Error Blueprint Runtime Error: Attempted to access Mage_2 via property K2Node_DynamicCast_AsMage, but Mage_2 is pending kill from function: 'ExecuteUbergraph_Fireball' from node: AddActorLocalOffset in graph: EventGraph in object: Fireball with description: Attempted to access Mage_2 via property K2Node_DynamicCast_AsMage, but Mage_2 is pending kill
[2016.10.28-00.46.17:063][529]PIE:Error: Error Blueprint Runtime Error: Attempted to access Mage_2 via property K2Node_